3.800000000000000044e-01 3.557049270839246491e-01
3.900000000000000133e-01 1.153337428610287985e+00
4.000000000000000222e-01 1.252718674431950507e+00
4.100000000000000311e-01 8.694422981981040355e-01
4.199999999999999845e-01 8.527996391503539497e-02
4.299999999999999933e-01 8.086998266543865554e-02
4.400000000000000022e-01 -1.268894199684326152e-01
4.500000000000000111e-01 3.793358139804278162e-01
4.600000000000000200e-01 -1.082015114391950694e-01
4.700000000000000289e-01 9.750755585207908360e-02
4.799999999999999822e-01 6.246339036838181868e-02
4.899999999999999911e-01 -6.746792137357479624e-02
5.000000000000000000e-01 6.308970562387732350e-01
5.100000000000000089e-01 -6.312360945821814395e-01
5.200000000000000178e-01 1.111606360130543703e-01
5.300000000000000266e-01 -6.208522235133004941e-01
5.400000000000000355e-01 -2.069885221686813548e-01
5.500000000000000444e-01 -2.814606867745136354e-01
5.600000000000000533e-01 3.147506638504083409e-01
5.700000000000000622e-01 1.757590871684233669e-01
5.799999999999999600e-01 -9.306311890480749582e-01
5.899999999999999689e-01 -8.129711296813930677e-01
5.999999999999999778e-01 -7.676597268699515419e-01
6.099999999999999867e-01 -9.967190356333401891e-01
6.199999999999999956e-01 -6.300757365329298088e-01
6.300000000000000044e-01 7.685314975403234605e-02
6.400000000000000133e-01 -6.726658768316629011e-02
6.500000000000000222e-01 -1.149065374841030662e+00
6.600000000000000311e-01 4.431433163024898203e-01
6.700000000000000400e-01 -1.360725479544263816e+00
6.800000000000000488e-01 -8.324727284253626847e-01
6.900000000000000577e-01 -1.175884704284921645e+00
7.000000000000000666e-01 -9.143215848937289447e-01
7.099999999999999645e-01 -1.038463468693971326e+00
7.199999999999999734e-01 -1.327813484562553104e+00
7.299999999999999822e-01 -1.458835907920885688e+00
7.399999999999999911e-01 -6.640690270355158464e-01
7.500000000000000000e-01 -8.207460130092295580e-01
7.600000000000000089e-01 -9.400159698829091415e-01
7.700000000000000178e-01 -1.239071300618414417e+00
7.800000000000000266e-01 -1.641477114501511680e+00
7.900000000000000355e-01 -9.015155546434016065e-01
8.000000000000000444e-01 -6.184661590471853820e-01
8.100000000000000533e-01 -1.208057466811487402e+00
8.200000000000000622e-01 -2.753652173182514762e-01
8.300000000000000711e-01 -9.672102782080970185e-01
8.399999999999999689e-01 -6.834604320104487041e-01
8.499999999999999778e-01 -1.023205162532887957e+00
8.599999999999999867e-01 -1.454431982804174073e+00
8.699999999999999956e-01 -4.559222102721015024e-01
8.800000000000000044e-01 -5.274846023002477402e-01
8.900000000000000133e-01 -8.603810999144601013e-02
9.000000000000000222e-01 2.305019295074897112e-01
9.100000000000000311e-01 -2.511256603884469141e-01
9.200000000000000400e-01 -1.053629632075232747e+00
9.300000000000000488e-01 -7.654712159989141007e-01
9.400000000000000577e-01 4.584282198956012855e-01
9.500000000000000666e-01 -2.593334236694870842e-01
9.599999999999999645e-01 -1.111335451130512020e+00
9.699999999999999734e-01 2.625290195245235658e-01
9.799999999999999822e-01 7.130871948559731610e-01
9.899999999999999911e-01 1.392668707409584261e+00
1.000000000000000000e+00 -1.361359353365328706e-01
1.010000000000000009e+00 -4.532881088153688509e-01
1.020000000000000018e+00 6.362143322470834583e-01
1.030000000000000027e+00 6.106043683536317435e-01
1.040000000000000036e+00 4.117107454889681328e-01
1.050000000000000044e+00 8.861776140163211135e-01
1.060000000000000053e+00 -3.015038032409587676e-01
1.070000000000000062e+00 5.017339260306983295e-01
1.080000000000000071e+00 -2.543615228502943415e-01
1.090000000000000080e+00 -1.900065458622106629e-01
1.100000000000000089e+00 4.233016668184266251e-01
1.110000000000000098e+00 6.450659132641449744e-01
1.120000000000000107e+00 8.827717406551812696e-01
1.130000000000000115e+00 2.288545573220022167e-01
1.140000000000000124e+00 9.165676270487349564e-01
1.150000000000000133e+00 5.933873988409135158e-01
1.159999999999999920e+00 4.293062264688768948e-01
1.169999999999999929e+00 3.501768543347761886e-01
1.179999999999999938e+00 6.404687457549522733e-01
1.189999999999999947e+00 1.341102050618632635e+00
1.199999999999999956e+00 1.443047874695082111e+00
1.209999999999999964e+00 8.480526864618171956e-01
1.219999999999999973e+00 1.310325567248558976e+00
1.229999999999999982e+00 1.062863445386208250e+00
1.239999999999999991e+00 1.060149054064855711e+00
1.250000000000000000e+00 1.051924884373556024e+00
1.260000000000000009e+00 1.153554756255423808e-01
1.270000000000000018e+00 1.075645370649014110e+00
1.280000000000000027e+00 6.712619472663752251e-01
1.290000000000000036e+00 1.171812718293922417e+00
1.300000000000000044e+00 1.722386755882639564e+00
1.310000000000000053e+00 9.416083896827586175e-01
1.320000000000000062e+00 1.275992332198631285e+00
1.330000000000000071e+00 9.261128697711908941e-01
1.340000000000000080e+00 6.937492520527877016e-01
1.350000000000000089e+00 9.914968659173619692e-01
1.360000000000000098e+00 -9.346148083865735146e-02
1.370000000000000107e+00 1.194869569568384193e+00
1.380000000000000115e+00 1.036937265633702143e+00
1.390000000000000124e+00 1.399887179827012273e+00
1.400000000000000133e+00 1.468689715823465525e+00
1.409999999999999920e+00 -2.755615868992211670e-01
1.419999999999999929e+00 -2.845906972523681855e-01
1.429999999999999938e+00 1.118771493036931686e+00
1.439999999999999947e+00 3.064676933612549559e-01
1.449999999999999956e+00 -1.519389150124952348e-01
1.459999999999999964e+00 -3.668848613668088121e-02
1.469999999999999973e+00 2.145985563308787647e-01
1.479999999999999982e+00 -4.056726897356278672e-01
1.489999999999999991e+00 -2.747598273252936929e-01
1.500000000000000000e+00 -2.738665155984915112e-01
1.510000000000000009e+00 -7.707452338570892902e-02
1.520000000000000018e+00 3.320016907915239734e-01
1.530000000000000027e+00 -1.447654227960453843e+00
1.540000000000000036e+00 -1.090348271987088558e-01
1.550000000000000044e+00 -6.022385784550292609e-01
1.560000000000000053e+00 -1.354582360453549850e+00
1.570000000000000062e+00 -9.736112250628097264e-01
1.580000000000000071e+00 -3.669311567682361774e-01
1.590000000000000080e+00 -1.552308123491030201e-01
1.600000000000000089e+00 -3.300214210993936415e-01
1.610000000000000098e+00 -4.882546552755363534e-01
1.620000000000000107e+00 -7.231486866135964364e-01
1.630000000000000115e+00 -8.581519235185830485e-01
1.640000000000000124e+00 -2.676148173313742662e-01
1.650000000000000133e+00 -1.248033402149318682e+00
1.660000000000000142e+00 -9.639495230796309988e-01
1.669999999999999929e+00 -1.297762714015856744e+00
1.679999999999999938e+00 -1.227729408827549662e+00
1.689999999999999947e+00 -1.677987412267580636e+00
1.699999999999999956e+00 2.944877942410830673e-01
1.709999999999999964e+00 -6.982834884149928811e-01
1.719999999999999973e+00 -1.072654867144938517e+00
1.729999999999999982e+00 -1.169295783557798396e+00
1.739999999999999991e+00 -1.772033699129009765e+00
1.750000000000000000e+00 -1.409157840485750102e+00
1.760000000000000009e+00 -1.766127280590128912e+00
1.770000000000000018e+00 -1.214617701841569808e+00
1.780000000000000027e+00 -1.351576103698896247e+00
1.790000000000000036e+00 -1.492414783331268424e+00
1.800000000000000044e+00 -6.218156706629089925e-01
1.810000000000000053e+00 -1.481337193225357174e+00
1.820000000000000062e+00 -3.173165023448445421e-01
1.830000000000000071e+00 -6.739561167980552270e-01
1.840000000000000080e+00 -8.213886426222551940e-01
1.850000000000000089e+00 -5.635948507228152327e-01
1.860000000000000098e+00 -1.713825936178678289e+00
1.870000000000000107e+00 -5.844981763184720069e-01
1.880000000000000115e+00 -8.592676691223877228e-01
1.890000000000000124e+00 -1.566382961446005417e+00
1.900000000000000133e+00 -8.129094568550243594e-01
1.910000000000000142e+00 -6.186169149097789921e-01
1.919999999999999929e+00 -3.445345803120152262e-01
1.929999999999999938e+00 1.209367075416792336e-01
1.939999999999999947e+00 -1.102888022939606305e+00
1.949999999999999956e+00 -8.772804625409611479e-01
1.959999999999999964e+00 -1.929300401001548815e-01
1.969999999999999973e+00 1.813406659191163783e-01
1.979999999999999982e+00 -4.213973415220566565e-01
1.989999999999999991e+00 3.515029192206921005e-01
2.000000000000000000e+00 4.369397710535747881e-01
2.010000000000000231e+00 4.662271075800913378e-01
2.020000000000000018e+00 -5.964893562437167951e-02
2.030000000000000249e+00 8.662363716605739894e-01
2.040000000000000036e+00 1.435315758385216967e+00
2.049999999999999822e+00 -4.596281129756896178e-01
2.060000000000000053e+00 8.274314901594823635e-01
2.069999999999999840e+00 7.006397502039551917e-01
2.080000000000000071e+00 5.369850054961763375e-01
2.089999999999999858e+00 -5.487597759937896669e-01
2.100000000000000089e+00 1.843312555636818395e+00
2.109999999999999876e+00 2.106737006563059178e-01
2.120000000000000107e+00 2.878054757852478995e-01
2.129999999999999893e+00 9.488616018426703214e-01
2.140000000000000124e+00 8.801807273504952400e-01
2.149999999999999911e+00 1.504612117460260023e+00
2.160000000000000142e+00 9.346831910878254934e-01
2.169999999999999929e+00 1.734373739510499224e+00
2.180000000000000160e+00 4.225243746478527518e-01
2.189999999999999947e+00 1.389913143751339675e+00
2.200000000000000178e+00 7.141910576023379198e-01
2.209999999999999964e+00 9.893975764224914871e-01
2.220000000000000195e+00 4.495513307450459406e-01
2.229999999999999982e+00 1.116186659008387760e+00
2.240000000000000213e+00 1.300401464113836614e+00
2.250000000000000000e+00 1.233927998357344569e+00
2.260000000000000231e+00 1.566364259890294264e+00
2.270000000000000018e+00 1.106358258780945958e+00
2.280000000000000249e+00 4.501721892174470607e-02
2.290000000000000036e+00 9.690333206407965028e-01
2.300000000000000266e+00 1.198333952508304767e+00
2.310000000000000053e+00 1.413738659847711299e+00
2.319999999999999840e+00 6.928038293967502259e-01
2.330000000000000071e+00 2.218950250341237052e+00
2.339999999999999858e+00 1.534016804114253230e+00
2.350000000000000089e+00 9.509125349795064519e-01
2.359999999999999876e+00 5.100033497841819363e-01
2.370000000000000107e+00 -4.290025475272689626e-01
2.379999999999999893e+00 7.107572122887718669e-01
2.390000000000000124e+00 2.434573504586647008e+00
2.399999999999999911e+00 7.748522812404621263e-01
2.410000000000000142e+00 4.261322333670525819e-01
2.419999999999999929e+00 1.071528364668003164e+00
2.430000000000000160e+00 3.644641695500507317e-01
2.439999999999999947e+00 3.501697146757020151e-01
2.450000000000000178e+00 1.657445322155454148e-01
2.459999999999999964e+00 1.225507156827242206e+00
2.470000000000000195e+00 1.294264697814336562e-01
2.479999999999999982e+00 3.110174592533717641e-01
2.490000000000000213e+00 5.762350503368653953e-01
2.500000000000000000e+00 5.504199360890292547e-02
2.510000000000000231e+00 3.824282786343474738e-01
2.520000000000000018e+00 -5.446947733454123863e-01
2.530000000000000249e+00 -9.139023493297935286e-01
2.540000000000000036e+00 3.810152780512581216e-01
2.550000000000000266e+00 -6.578755378813194721e-02
2.560000000000000053e+00 6.387066477346793336e-01
2.569999999999999840e+00 -3.529299332824626378e-01
2.580000000000000071e+00 1.739609697762086737e-01
2.589999999999999858e+00 -3.454211674826980216e-01
2.600000000000000089e+00 -1.822554448578366237e-01
2.609999999999999876e+00 -9.162805905761716163e-01
2.620000000000000107e+00 -4.445644131329747895e-01
2.629999999999999893e+00 -1.122784554650957611e+00
2.640000000000000124e+00 -1.122882447088071389e+00
2.649999999999999911e+00 -3.843807621536523556e-01
2.660000000000000142e+00 -6.565268077813889436e-01
2.669999999999999929e+00 -1.106287343496393349e+00
2.680000000000000160e+00 -1.467753578800504721e-01
2.689999999999999947e+00 -8.512850850337597697e-01
2.700000000000000178e+00 -1.077823450389120197e+00
2.709999999999999964e+00 -1.598344760659923258e+00
2.720000000000000195e+00 -1.178686192785221465e+00
2.729999999999999982e+00 -1.091444529522419549e+00
2.740000000000000213e+00 -1.178098094971601340e+00
2.750000000000000000e+00 -5.367999474444840047e-01
2.760000000000000231e+00 -9.562426860549166907e-01
2.770000000000000018e+00 -1.289911024461497302e+00
2.780000000000000249e+00 -1.489599103255403900e+00
2.790000000000000036e+00 -1.090544407355522161e+00
2.800000000000000266e+00 -1.337100936006430096e+00
2.810000000000000053e+00 -9.552783619035332130e-03
2.819999999999999840e+00 -6.070333327505395005e-01
2.830000000000000071e+00 -1.069404555683549862e+00
2.839999999999999858e+00 -1.598853223634463028e+00
2.850000000000000089e+00 1.896582118919476478e-02
2.859999999999999876e+00 -7.096963388977839404e-02
2.870000000000000107e+00 -6.610533963398649293e-01
2.879999999999999893e+00 -6.642048601567979160e-01
2.890000000000000124e+00 -6.383662651694405055e-01
2.899999999999999911e+00 -6.991487894283938687e-01
2.910000000000000142e+00 4.193246020228778015e-01
2.919999999999999929e+00 -8.976553956599961914e-01
2.930000000000000160e+00 2.374682786104275745e-01
2.939999999999999947e+00 -8.581881417344582319e-01
2.950000000000000178e+00 -4.277189326778423339e-01
2.959999999999999964e+00 -3.974646191271874462e-01
2.970000000000000195e+00 4.419581602573377510e-02
2.979999999999999982e+00 -7.860721669116426114e-01
2.990000000000000213e+00 1.475162950121691852e+00
3.000000000000000000e+00 -1.923695844127261759e-02
3.010000000000000231e+00 6.097733047523713479e-01
3.020000000000000018e+00 1.151939720093616781e+00
3.030000000000000249e+00 7.952632400829719173e-02
3.040000000000000036e+00 9.862398007839969782e-01
3.050000000000000266e+00 8.947053586066346931e-01
3.060000000000000053e+00 -2.837059881237242731e-01
3.070000000000000284e+00 7.193811591912113723e-02
3.080000000000000071e+00 3.257915678564747286e-01
3.089999999999999858e+00 5.308290212470251346e-02
3.100000000000000089e+00 1.123125925024377025e+00
3.109999999999999876e+00 9.134427269519661552e-01
3.120000000000000107e+00 1.597007939926107234e-01
3.129999999999999893e+00 1.079039592049510832e+00
3.140000000000000124e+00 2.865047411153053281e-01
3.149999999999999911e+00 1.113890588187998354e+00
3.160000000000000142e+00 1.755831042043729973e+00
3.169999999999999929e+00 1.053439423708365519e+00
3.180000000000000160e+00 7.367978851645071714e-01
3.189999999999999947e+00 1.354226276050417122e+00
3.200000000000000178e+00 5.476522486812056556e-01
3.209999999999999964e+00 2.643998293905975849e-01
3.220000000000000195e+00 4.904170486910180982e-01
3.229999999999999982e+00 1.759465399078037562e+00
3.240000000000000213e+00 2.061945193013591027e+00
3.250000000000000000e+00 3.919626420874082751e-01
3.260000000000000231e+00 4.590981819649357920e-01
3.270000000000000018e+00 6.219401140769413860e-01
3.280000000000000249e+00 3.076105950054571769e-01
3.290000000000000036e+00 6.107199184828191463e-01
3.300000000000000266e+00 7.499806706689904345e-01
3.310000000000000053e+00 1.319079465334359602e+00
3.320000000000000284e+00 -5.271587600745752944e-02
3.330000000000000071e+00 3.624296294722468836e-01
3.339999999999999858e+00 8.235610032692052274e-01
3.350000000000000089e+00 2.394896035763496300e-01
3.359999999999999876e+00 6.782396663954468607e-01
3.370000000000000107e+00 1.027031968829257291e+00
3.379999999999999893e+00 1.058392737791536531e+00
3.390000000000000124e+00 4.159951046176401102e-01
3.399999999999999911e+00 1.363382169636369712e+00
3.410000000000000142e+00 4.481553612496961270e-01
3.419999999999999929e+00 8.899431728507818384e-01
3.430000000000000160e+00 5.347394590429485062e-01
3.439999999999999947e+00 3.504085487634941432e-01
3.450000000000000178e+00 1.666931457115554960e-01
3.459999999999999964e+00 5.660768721849265828e-02
3.470000000000000195e+00 -7.770242127922694086e-01
3.479999999999999982e+00 4.801231690251280826e-01
3.490000000000000213e+00 -3.881405777928683132e-01
3.500000000000000000e+00 1.828763444812519789e-01
3.510000000000000231e+00 5.361693238595230393e-02
3.520000000000000018e+00 -6.564083452367307503e-01
3.530000000000000249e+00 1.447483686107657874e-01
3.540000000000000036e+00 -1.122908524124609064e+00
3.550000000000000266e+00 -1.114186850459177647e+00
3.560000000000000053e+00 -6.961542437615227952e-01
3.570000000000000284e+00 4.431336996315971000e-02
3.580000000000000071e+00 -1.312098552855753164e+00
3.589999999999999858e+00 -3.535439338688892152e-01
3.600000000000000089e+00 -1.111623876487964901e-01
3.609999999999999876e+00 -2.134362241356612122e-01
3.620000000000000107e+00 -3.515721169429678605e-01
3.629999999999999893e+00 -5.958568394377156130e-01
3.640000000000000124e+00 -1.181998567494856101e+00
3.649999999999999911e+00 -9.196734637930119582e-01
3.660000000000000142e+00 -6.888749917969207992e-01
3.669999999999999929e+00 -1.316611510187134737e+00
3.680000000000000160e+00 -2.172473890858665602e+00
3.689999999999999947e+00 -1.124841684043190515e+00
3.700000000000000178e+00 -1.288375660096417352e+00
3.709999999999999964e+00 -4.521079013223135989e-01
3.720000000000000195e+00 -3.410584876868296700e-01
3.729999999999999982e+00 -9.452618960226597533e-01
3.740000000000000213e+00 -7.878368450729711370e-01
3.750000000000000000e+00 -5.056804800191198046e-01
3.760000000000000231e+00 -1.394176563596488894e+00
3.770000000000000018e+00 -5.773533188571249308e-01
3.780000000000000249e+00 -6.805904910523938867e-01
3.790000000000000036e+00 -9.646924844477113847e-01
3.800000000000000266e+00 -8.392361484222297108e-01
3.810000000000000053e+00 -6.087542782510786399e-01
3.820000000000000284e+00 -4.223971386981141274e-01
3.830000000000000071e+00 -1.179114594124774484e+00
