ARM GAS  C:\Users\LOCALA~1\AppData\Local\Temp\ccNQ4YTp.s 			page 1


   1              		.syntax unified
   2              		.cpu cortex-m4
   3              		.eabi_attribute 27, 1
   4              		.fpu fpv4-sp-d16
   5              		.eabi_attribute 20, 1
   6              		.eabi_attribute 21, 1
   7              		.eabi_attribute 23, 3
   8              		.eabi_attribute 24, 1
   9              		.eabi_attribute 25, 1
  10              		.eabi_attribute 26, 1
  11              		.eabi_attribute 30, 6
  12              		.eabi_attribute 34, 1
  13              		.eabi_attribute 18, 4
  14              		.thumb
  15              		.syntax unified
  16              		.file	"ADC_INVERTING_AMP_INIT.c"
  17              		.text
  18              	.Ltext0:
  19              		.cfi_sections	.debug_frame
  20              		.section	.rodata
  21              		.align	2
  22              		.type	ADC_INVERTING_AMP_hwConfigs, %object
  23              		.size	ADC_INVERTING_AMP_hwConfigs, 120
  24              	ADC_INVERTING_AMP_hwConfigs:
  25 0000 76CE2056 		.word	1444990582
  26 0004 F0000490 		.word	-1878785808
  27 0008 FF030200 		.word	132095
  28 000c 02000200 		.word	131074
  29 0010 0002000E 		.word	234881536
  30 0014 01       		.byte	1
  31 0015 000000   		.space	3
  32 0018 01000000 		.word	1
  33 001c 00000000 		.word	0
  34 0020 00000000 		.word	0
  35 0024 00000000 		.word	0
  36 0028 00000000 		.word	0
  37 002c 00000000 		.word	0
  38 0030 00000000 		.word	0
  39 0034 00000000 		.word	0
  40 0038 00000000 		.word	0
  41 003c 00000000 		.word	0
  42 0040 00000000 		.word	0
  43 0044 00000000 		.word	0
  44 0048 00000000 		.word	0
  45 004c 00000000 		.word	0
  46 0050 00000000 		.word	0
  47 0054 00000000 		.word	0
  48 0058 00000000 		.word	0
  49 005c 01000000 		.word	1
  50 0060 00000000 		.word	0
  51 0064 00000000 		.word	0
  52 0068 00000000 		.word	0
  53 006c 00000000 		.word	0
  54 0070 00       		.byte	0
  55 0071 000000   		.space	3
  56 0074 E40C0000 		.word	3300
  57              		.global	ADC_INVERTING_AMP_allConfigs
ARM GAS  C:\Users\LOCALA~1\AppData\Local\Temp\ccNQ4YTp.s 			page 2


  58              		.align	2
  59              		.type	ADC_INVERTING_AMP_allConfigs, %object
  60              		.size	ADC_INVERTING_AMP_allConfigs, 20
  61              	ADC_INVERTING_AMP_allConfigs:
  62 0078 00000000 		.word	0
  63 007c 01000000 		.word	1
  64 0080 00000000 		.word	ADC_INVERTING_AMP_hwConfigs
  65 0084 01000000 		.word	1
  66 0088 1C000000 		.word	28
  67              		.text
  68              	.Letext0:
  69              		.file 1 "c:\\program files (x86)\\cypress\\psoc creator\\4.4\\psoc creator\\import\\gnu\\arm\\5.4.
  70              		.file 2 "c:\\program files (x86)\\cypress\\psoc creator\\4.4\\psoc creator\\import\\gnu\\arm\\5.4.
  71              		.file 3 "Generated_Source\\PSoC6\\pdl\\drivers/peripheral/device/cy_device.h"
  72              		.file 4 "Generated_Source\\PSoC6\\pdl\\drivers/peripheral/syslib/cy_syslib.h"
  73              		.file 5 "Generated_Source\\PSoC6\\pdl\\drivers/peripheral/sar/cy_sar.h"
  74              		.file 6 "Generated_Source\\PSoC6\\ADC_INVERTING_AMP.h"
  75              		.file 7 "Generated_Source\\PSoC6\\pdl\\cmsis/include/core_cm4.h"
  76              		.file 8 "Generated_Source\\PSoC6\\ADC_INVERTING_AMP_INIT.c"
  77              		.section	.debug_info,"",%progbits
  78              	.Ldebug_info0:
  79 0000 1A070000 		.4byte	0x71a
  80 0004 0400     		.2byte	0x4
  81 0006 00000000 		.4byte	.Ldebug_abbrev0
  82 000a 04       		.byte	0x4
  83 000b 01       		.uleb128 0x1
  84 000c 12000000 		.4byte	.LASF144
  85 0010 0C       		.byte	0xc
  86 0011 A8030000 		.4byte	.LASF145
  87 0015 56090000 		.4byte	.LASF146
  88 0019 00000000 		.4byte	.Ldebug_line0
  89 001d 02       		.uleb128 0x2
  90 001e 02       		.byte	0x2
  91 001f 05       		.byte	0x5
  92 0020 F9060000 		.4byte	.LASF0
  93 0024 02       		.uleb128 0x2
  94 0025 01       		.byte	0x1
  95 0026 06       		.byte	0x6
  96 0027 26020000 		.4byte	.LASF1
  97 002b 03       		.uleb128 0x3
  98 002c 31010000 		.4byte	.LASF3
  99 0030 01       		.byte	0x1
 100 0031 1D       		.byte	0x1d
 101 0032 36000000 		.4byte	0x36
 102 0036 02       		.uleb128 0x2
 103 0037 01       		.byte	0x1
 104 0038 08       		.byte	0x8
 105 0039 D7060000 		.4byte	.LASF2
 106 003d 03       		.uleb128 0x3
 107 003e D8030000 		.4byte	.LASF4
 108 0042 01       		.byte	0x1
 109 0043 29       		.byte	0x29
 110 0044 1D000000 		.4byte	0x1d
 111 0048 03       		.uleb128 0x3
 112 0049 9A070000 		.4byte	.LASF5
 113 004d 01       		.byte	0x1
 114 004e 2B       		.byte	0x2b
ARM GAS  C:\Users\LOCALA~1\AppData\Local\Temp\ccNQ4YTp.s 			page 3


 115 004f 53000000 		.4byte	0x53
 116 0053 02       		.uleb128 0x2
 117 0054 02       		.byte	0x2
 118 0055 07       		.byte	0x7
 119 0056 48030000 		.4byte	.LASF6
 120 005a 03       		.uleb128 0x3
 121 005b B8070000 		.4byte	.LASF7
 122 005f 01       		.byte	0x1
 123 0060 3F       		.byte	0x3f
 124 0061 65000000 		.4byte	0x65
 125 0065 02       		.uleb128 0x2
 126 0066 04       		.byte	0x4
 127 0067 05       		.byte	0x5
 128 0068 C0020000 		.4byte	.LASF8
 129 006c 03       		.uleb128 0x3
 130 006d 81030000 		.4byte	.LASF9
 131 0071 01       		.byte	0x1
 132 0072 41       		.byte	0x41
 133 0073 77000000 		.4byte	0x77
 134 0077 02       		.uleb128 0x2
 135 0078 04       		.byte	0x4
 136 0079 07       		.byte	0x7
 137 007a 3F040000 		.4byte	.LASF10
 138 007e 02       		.uleb128 0x2
 139 007f 08       		.byte	0x8
 140 0080 05       		.byte	0x5
 141 0081 18020000 		.4byte	.LASF11
 142 0085 02       		.uleb128 0x2
 143 0086 08       		.byte	0x8
 144 0087 07       		.byte	0x7
 145 0088 8C010000 		.4byte	.LASF12
 146 008c 04       		.uleb128 0x4
 147 008d 04       		.byte	0x4
 148 008e 05       		.byte	0x5
 149 008f 696E7400 		.ascii	"int\000"
 150 0093 02       		.uleb128 0x2
 151 0094 04       		.byte	0x4
 152 0095 07       		.byte	0x7
 153 0096 17040000 		.4byte	.LASF13
 154 009a 03       		.uleb128 0x3
 155 009b 62080000 		.4byte	.LASF14
 156 009f 02       		.byte	0x2
 157 00a0 18       		.byte	0x18
 158 00a1 2B000000 		.4byte	0x2b
 159 00a5 03       		.uleb128 0x3
 160 00a6 FC010000 		.4byte	.LASF15
 161 00aa 02       		.byte	0x2
 162 00ab 20       		.byte	0x20
 163 00ac 3D000000 		.4byte	0x3d
 164 00b0 03       		.uleb128 0x3
 165 00b1 24040000 		.4byte	.LASF16
 166 00b5 02       		.byte	0x2
 167 00b6 24       		.byte	0x24
 168 00b7 48000000 		.4byte	0x48
 169 00bb 03       		.uleb128 0x3
 170 00bc CF060000 		.4byte	.LASF17
 171 00c0 02       		.byte	0x2
ARM GAS  C:\Users\LOCALA~1\AppData\Local\Temp\ccNQ4YTp.s 			page 4


 172 00c1 2C       		.byte	0x2c
 173 00c2 5A000000 		.4byte	0x5a
 174 00c6 03       		.uleb128 0x3
 175 00c7 5A070000 		.4byte	.LASF18
 176 00cb 02       		.byte	0x2
 177 00cc 30       		.byte	0x30
 178 00cd 6C000000 		.4byte	0x6c
 179 00d1 02       		.uleb128 0x2
 180 00d2 04       		.byte	0x4
 181 00d3 07       		.byte	0x7
 182 00d4 89050000 		.4byte	.LASF19
 183 00d8 02       		.uleb128 0x2
 184 00d9 08       		.byte	0x8
 185 00da 04       		.byte	0x4
 186 00db 6F070000 		.4byte	.LASF20
 187 00df 05       		.uleb128 0x5
 188 00e0 B8       		.byte	0xb8
 189 00e1 03       		.byte	0x3
 190 00e2 34       		.byte	0x34
 191 00e3 F0040000 		.4byte	0x4f0
 192 00e7 06       		.uleb128 0x6
 193 00e8 73010000 		.4byte	.LASF21
 194 00ec 03       		.byte	0x3
 195 00ed 37       		.byte	0x37
 196 00ee C6000000 		.4byte	0xc6
 197 00f2 00       		.byte	0
 198 00f3 06       		.uleb128 0x6
 199 00f4 76030000 		.4byte	.LASF22
 200 00f8 03       		.byte	0x3
 201 00f9 38       		.byte	0x38
 202 00fa C6000000 		.4byte	0xc6
 203 00fe 04       		.byte	0x4
 204 00ff 06       		.uleb128 0x6
 205 0100 D7020000 		.4byte	.LASF23
 206 0104 03       		.byte	0x3
 207 0105 39       		.byte	0x39
 208 0106 C6000000 		.4byte	0xc6
 209 010a 08       		.byte	0x8
 210 010b 06       		.uleb128 0x6
 211 010c A8060000 		.4byte	.LASF24
 212 0110 03       		.byte	0x3
 213 0111 3A       		.byte	0x3a
 214 0112 C6000000 		.4byte	0xc6
 215 0116 0C       		.byte	0xc
 216 0117 06       		.uleb128 0x6
 217 0118 75020000 		.4byte	.LASF25
 218 011c 03       		.byte	0x3
 219 011d 3B       		.byte	0x3b
 220 011e C6000000 		.4byte	0xc6
 221 0122 10       		.byte	0x10
 222 0123 06       		.uleb128 0x6
 223 0124 9E020000 		.4byte	.LASF26
 224 0128 03       		.byte	0x3
 225 0129 3C       		.byte	0x3c
 226 012a C6000000 		.4byte	0xc6
 227 012e 14       		.byte	0x14
 228 012f 06       		.uleb128 0x6
ARM GAS  C:\Users\LOCALA~1\AppData\Local\Temp\ccNQ4YTp.s 			page 5


 229 0130 5C040000 		.4byte	.LASF27
 230 0134 03       		.byte	0x3
 231 0135 3D       		.byte	0x3d
 232 0136 C6000000 		.4byte	0xc6
 233 013a 18       		.byte	0x18
 234 013b 06       		.uleb128 0x6
 235 013c 1A010000 		.4byte	.LASF28
 236 0140 03       		.byte	0x3
 237 0141 3E       		.byte	0x3e
 238 0142 C6000000 		.4byte	0xc6
 239 0146 1C       		.byte	0x1c
 240 0147 06       		.uleb128 0x6
 241 0148 09090000 		.4byte	.LASF29
 242 014c 03       		.byte	0x3
 243 014d 3F       		.byte	0x3f
 244 014e C6000000 		.4byte	0xc6
 245 0152 20       		.byte	0x20
 246 0153 06       		.uleb128 0x6
 247 0154 38060000 		.4byte	.LASF30
 248 0158 03       		.byte	0x3
 249 0159 40       		.byte	0x40
 250 015a C6000000 		.4byte	0xc6
 251 015e 24       		.byte	0x24
 252 015f 06       		.uleb128 0x6
 253 0160 5B050000 		.4byte	.LASF31
 254 0164 03       		.byte	0x3
 255 0165 43       		.byte	0x43
 256 0166 9A000000 		.4byte	0x9a
 257 016a 28       		.byte	0x28
 258 016b 06       		.uleb128 0x6
 259 016c 00010000 		.4byte	.LASF32
 260 0170 03       		.byte	0x3
 261 0171 44       		.byte	0x44
 262 0172 9A000000 		.4byte	0x9a
 263 0176 29       		.byte	0x29
 264 0177 06       		.uleb128 0x6
 265 0178 FF080000 		.4byte	.LASF33
 266 017c 03       		.byte	0x3
 267 017d 45       		.byte	0x45
 268 017e 9A000000 		.4byte	0x9a
 269 0182 2A       		.byte	0x2a
 270 0183 06       		.uleb128 0x6
 271 0184 2A060000 		.4byte	.LASF34
 272 0188 03       		.byte	0x3
 273 0189 46       		.byte	0x46
 274 018a 9A000000 		.4byte	0x9a
 275 018e 2B       		.byte	0x2b
 276 018f 06       		.uleb128 0x6
 277 0190 AE040000 		.4byte	.LASF35
 278 0194 03       		.byte	0x3
 279 0195 47       		.byte	0x47
 280 0196 9A000000 		.4byte	0x9a
 281 019a 2C       		.byte	0x2c
 282 019b 06       		.uleb128 0x6
 283 019c C2070000 		.4byte	.LASF36
 284 01a0 03       		.byte	0x3
 285 01a1 48       		.byte	0x48
ARM GAS  C:\Users\LOCALA~1\AppData\Local\Temp\ccNQ4YTp.s 			page 6


 286 01a2 9A000000 		.4byte	0x9a
 287 01a6 2D       		.byte	0x2d
 288 01a7 06       		.uleb128 0x6
 289 01a8 7E020000 		.4byte	.LASF37
 290 01ac 03       		.byte	0x3
 291 01ad 49       		.byte	0x49
 292 01ae 9A000000 		.4byte	0x9a
 293 01b2 2E       		.byte	0x2e
 294 01b3 06       		.uleb128 0x6
 295 01b4 68050000 		.4byte	.LASF38
 296 01b8 03       		.byte	0x3
 297 01b9 4A       		.byte	0x4a
 298 01ba 9A000000 		.4byte	0x9a
 299 01be 2F       		.byte	0x2f
 300 01bf 06       		.uleb128 0x6
 301 01c0 80070000 		.4byte	.LASF39
 302 01c4 03       		.byte	0x3
 303 01c5 4B       		.byte	0x4b
 304 01c6 9A000000 		.4byte	0x9a
 305 01ca 30       		.byte	0x30
 306 01cb 06       		.uleb128 0x6
 307 01cc 51040000 		.4byte	.LASF40
 308 01d0 03       		.byte	0x3
 309 01d1 4E       		.byte	0x4e
 310 01d2 9A000000 		.4byte	0x9a
 311 01d6 31       		.byte	0x31
 312 01d7 06       		.uleb128 0x6
 313 01d8 23010000 		.4byte	.LASF41
 314 01dc 03       		.byte	0x3
 315 01dd 4F       		.byte	0x4f
 316 01de 9A000000 		.4byte	0x9a
 317 01e2 32       		.byte	0x32
 318 01e3 06       		.uleb128 0x6
 319 01e4 0B040000 		.4byte	.LASF42
 320 01e8 03       		.byte	0x3
 321 01e9 50       		.byte	0x50
 322 01ea 9A000000 		.4byte	0x9a
 323 01ee 33       		.byte	0x33
 324 01ef 06       		.uleb128 0x6
 325 01f0 9D050000 		.4byte	.LASF43
 326 01f4 03       		.byte	0x3
 327 01f5 51       		.byte	0x51
 328 01f6 9A000000 		.4byte	0x9a
 329 01fa 34       		.byte	0x34
 330 01fb 06       		.uleb128 0x6
 331 01fc 0A080000 		.4byte	.LASF44
 332 0200 03       		.byte	0x3
 333 0201 52       		.byte	0x52
 334 0202 A5000000 		.4byte	0xa5
 335 0206 36       		.byte	0x36
 336 0207 06       		.uleb128 0x6
 337 0208 09030000 		.4byte	.LASF45
 338 020c 03       		.byte	0x3
 339 020d 53       		.byte	0x53
 340 020e A5000000 		.4byte	0xa5
 341 0212 38       		.byte	0x38
 342 0213 06       		.uleb128 0x6
ARM GAS  C:\Users\LOCALA~1\AppData\Local\Temp\ccNQ4YTp.s 			page 7


 343 0214 32080000 		.4byte	.LASF46
 344 0218 03       		.byte	0x3
 345 0219 54       		.byte	0x54
 346 021a A5000000 		.4byte	0xa5
 347 021e 3A       		.byte	0x3a
 348 021f 06       		.uleb128 0x6
 349 0220 E0080000 		.4byte	.LASF47
 350 0224 03       		.byte	0x3
 351 0225 55       		.byte	0x55
 352 0226 9A000000 		.4byte	0x9a
 353 022a 3C       		.byte	0x3c
 354 022b 06       		.uleb128 0x6
 355 022c 30030000 		.4byte	.LASF48
 356 0230 03       		.byte	0x3
 357 0231 56       		.byte	0x56
 358 0232 9A000000 		.4byte	0x9a
 359 0236 3D       		.byte	0x3d
 360 0237 06       		.uleb128 0x6
 361 0238 2A070000 		.4byte	.LASF49
 362 023c 03       		.byte	0x3
 363 023d 57       		.byte	0x57
 364 023e 9A000000 		.4byte	0x9a
 365 0242 3E       		.byte	0x3e
 366 0243 06       		.uleb128 0x6
 367 0244 0E010000 		.4byte	.LASF50
 368 0248 03       		.byte	0x3
 369 0249 58       		.byte	0x58
 370 024a 9A000000 		.4byte	0x9a
 371 024e 3F       		.byte	0x3f
 372 024f 06       		.uleb128 0x6
 373 0250 43060000 		.4byte	.LASF51
 374 0254 03       		.byte	0x3
 375 0255 59       		.byte	0x59
 376 0256 9A000000 		.4byte	0x9a
 377 025a 40       		.byte	0x40
 378 025b 06       		.uleb128 0x6
 379 025c 8C030000 		.4byte	.LASF52
 380 0260 03       		.byte	0x3
 381 0261 5A       		.byte	0x5a
 382 0262 9A000000 		.4byte	0x9a
 383 0266 41       		.byte	0x41
 384 0267 06       		.uleb128 0x6
 385 0268 0D050000 		.4byte	.LASF53
 386 026c 03       		.byte	0x3
 387 026d 5B       		.byte	0x5b
 388 026e 9A000000 		.4byte	0x9a
 389 0272 42       		.byte	0x42
 390 0273 06       		.uleb128 0x6
 391 0274 1F060000 		.4byte	.LASF54
 392 0278 03       		.byte	0x3
 393 0279 5C       		.byte	0x5c
 394 027a 9A000000 		.4byte	0x9a
 395 027e 43       		.byte	0x43
 396 027f 06       		.uleb128 0x6
 397 0280 E0020000 		.4byte	.LASF55
 398 0284 03       		.byte	0x3
 399 0285 5D       		.byte	0x5d
ARM GAS  C:\Users\LOCALA~1\AppData\Local\Temp\ccNQ4YTp.s 			page 8


 400 0286 9A000000 		.4byte	0x9a
 401 028a 44       		.byte	0x44
 402 028b 06       		.uleb128 0x6
 403 028c 00000000 		.4byte	.LASF56
 404 0290 03       		.byte	0x3
 405 0291 5E       		.byte	0x5e
 406 0292 C6000000 		.4byte	0xc6
 407 0296 48       		.byte	0x48
 408 0297 06       		.uleb128 0x6
 409 0298 C9020000 		.4byte	.LASF57
 410 029c 03       		.byte	0x3
 411 029d 5F       		.byte	0x5f
 412 029e C6000000 		.4byte	0xc6
 413 02a2 4C       		.byte	0x4c
 414 02a3 06       		.uleb128 0x6
 415 02a4 8B090000 		.4byte	.LASF58
 416 02a8 03       		.byte	0x3
 417 02a9 60       		.byte	0x60
 418 02aa 9A000000 		.4byte	0x9a
 419 02ae 50       		.byte	0x50
 420 02af 06       		.uleb128 0x6
 421 02b0 D6010000 		.4byte	.LASF59
 422 02b4 03       		.byte	0x3
 423 02b5 61       		.byte	0x61
 424 02b6 9A000000 		.4byte	0x9a
 425 02ba 51       		.byte	0x51
 426 02bb 06       		.uleb128 0x6
 427 02bc 47080000 		.4byte	.LASF60
 428 02c0 03       		.byte	0x3
 429 02c1 62       		.byte	0x62
 430 02c2 9A000000 		.4byte	0x9a
 431 02c6 52       		.byte	0x52
 432 02c7 06       		.uleb128 0x6
 433 02c8 44090000 		.4byte	.LASF61
 434 02cc 03       		.byte	0x3
 435 02cd 63       		.byte	0x63
 436 02ce 9A000000 		.4byte	0x9a
 437 02d2 53       		.byte	0x53
 438 02d3 06       		.uleb128 0x6
 439 02d4 38070000 		.4byte	.LASF62
 440 02d8 03       		.byte	0x3
 441 02d9 64       		.byte	0x64
 442 02da 9A000000 		.4byte	0x9a
 443 02de 54       		.byte	0x54
 444 02df 06       		.uleb128 0x6
 445 02e0 E8010000 		.4byte	.LASF63
 446 02e4 03       		.byte	0x3
 447 02e5 65       		.byte	0x65
 448 02e6 9A000000 		.4byte	0x9a
 449 02ea 55       		.byte	0x55
 450 02eb 06       		.uleb128 0x6
 451 02ec D4070000 		.4byte	.LASF64
 452 02f0 03       		.byte	0x3
 453 02f1 66       		.byte	0x66
 454 02f2 9A000000 		.4byte	0x9a
 455 02f6 56       		.byte	0x56
 456 02f7 06       		.uleb128 0x6
ARM GAS  C:\Users\LOCALA~1\AppData\Local\Temp\ccNQ4YTp.s 			page 9


 457 02f8 65040000 		.4byte	.LASF65
 458 02fc 03       		.byte	0x3
 459 02fd 67       		.byte	0x67
 460 02fe 9A000000 		.4byte	0x9a
 461 0302 57       		.byte	0x57
 462 0303 06       		.uleb128 0x6
 463 0304 C5000000 		.4byte	.LASF66
 464 0308 03       		.byte	0x3
 465 0309 68       		.byte	0x68
 466 030a 9A000000 		.4byte	0x9a
 467 030e 58       		.byte	0x58
 468 030f 06       		.uleb128 0x6
 469 0310 E5060000 		.4byte	.LASF67
 470 0314 03       		.byte	0x3
 471 0315 69       		.byte	0x69
 472 0316 9A000000 		.4byte	0x9a
 473 031a 59       		.byte	0x59
 474 031b 06       		.uleb128 0x6
 475 031c 92050000 		.4byte	.LASF68
 476 0320 03       		.byte	0x3
 477 0321 6E       		.byte	0x6e
 478 0322 B0000000 		.4byte	0xb0
 479 0326 5A       		.byte	0x5a
 480 0327 06       		.uleb128 0x6
 481 0328 F3070000 		.4byte	.LASF69
 482 032c 03       		.byte	0x3
 483 032d 6F       		.byte	0x6f
 484 032e B0000000 		.4byte	0xb0
 485 0332 5C       		.byte	0x5c
 486 0333 06       		.uleb128 0x6
 487 0334 7D010000 		.4byte	.LASF70
 488 0338 03       		.byte	0x3
 489 0339 70       		.byte	0x70
 490 033a 9A000000 		.4byte	0x9a
 491 033e 5E       		.byte	0x5e
 492 033f 06       		.uleb128 0x6
 493 0340 8B060000 		.4byte	.LASF71
 494 0344 03       		.byte	0x3
 495 0345 71       		.byte	0x71
 496 0346 9A000000 		.4byte	0x9a
 497 034a 5F       		.byte	0x5f
 498 034b 06       		.uleb128 0x6
 499 034c EE050000 		.4byte	.LASF72
 500 0350 03       		.byte	0x3
 501 0351 72       		.byte	0x72
 502 0352 9A000000 		.4byte	0x9a
 503 0356 60       		.byte	0x60
 504 0357 06       		.uleb128 0x6
 505 0358 64060000 		.4byte	.LASF73
 506 035c 03       		.byte	0x3
 507 035d 73       		.byte	0x73
 508 035e C6000000 		.4byte	0xc6
 509 0362 64       		.byte	0x64
 510 0363 06       		.uleb128 0x6
 511 0364 A3010000 		.4byte	.LASF74
 512 0368 03       		.byte	0x3
 513 0369 76       		.byte	0x76
ARM GAS  C:\Users\LOCALA~1\AppData\Local\Temp\ccNQ4YTp.s 			page 10


 514 036a B0000000 		.4byte	0xb0
 515 036e 68       		.byte	0x68
 516 036f 06       		.uleb128 0x6
 517 0370 2D040000 		.4byte	.LASF75
 518 0374 03       		.byte	0x3
 519 0375 77       		.byte	0x77
 520 0376 B0000000 		.4byte	0xb0
 521 037a 6A       		.byte	0x6a
 522 037b 06       		.uleb128 0x6
 523 037c 79040000 		.4byte	.LASF76
 524 0380 03       		.byte	0x3
 525 0381 78       		.byte	0x78
 526 0382 B0000000 		.4byte	0xb0
 527 0386 6C       		.byte	0x6c
 528 0387 06       		.uleb128 0x6
 529 0388 A1040000 		.4byte	.LASF77
 530 038c 03       		.byte	0x3
 531 038d 79       		.byte	0x79
 532 038e B0000000 		.4byte	0xb0
 533 0392 6E       		.byte	0x6e
 534 0393 06       		.uleb128 0x6
 535 0394 16070000 		.4byte	.LASF78
 536 0398 03       		.byte	0x3
 537 0399 7B       		.byte	0x7b
 538 039a 9A000000 		.4byte	0x9a
 539 039e 70       		.byte	0x70
 540 039f 06       		.uleb128 0x6
 541 03a0 32020000 		.4byte	.LASF79
 542 03a4 03       		.byte	0x3
 543 03a5 7C       		.byte	0x7c
 544 03a6 9A000000 		.4byte	0x9a
 545 03aa 71       		.byte	0x71
 546 03ab 06       		.uleb128 0x6
 547 03ac 2E090000 		.4byte	.LASF80
 548 03b0 03       		.byte	0x3
 549 03b1 7D       		.byte	0x7d
 550 03b2 9A000000 		.4byte	0x9a
 551 03b6 72       		.byte	0x72
 552 03b7 06       		.uleb128 0x6
 553 03b8 BB050000 		.4byte	.LASF81
 554 03bc 03       		.byte	0x3
 555 03bd 7E       		.byte	0x7e
 556 03be 9A000000 		.4byte	0x9a
 557 03c2 73       		.byte	0x73
 558 03c3 06       		.uleb128 0x6
 559 03c4 48070000 		.4byte	.LASF82
 560 03c8 03       		.byte	0x3
 561 03c9 80       		.byte	0x80
 562 03ca B0000000 		.4byte	0xb0
 563 03ce 74       		.byte	0x74
 564 03cf 06       		.uleb128 0x6
 565 03d0 A5070000 		.4byte	.LASF83
 566 03d4 03       		.byte	0x3
 567 03d5 81       		.byte	0x81
 568 03d6 B0000000 		.4byte	0xb0
 569 03da 76       		.byte	0x76
 570 03db 06       		.uleb128 0x6
ARM GAS  C:\Users\LOCALA~1\AppData\Local\Temp\ccNQ4YTp.s 			page 11


 571 03dc 1B030000 		.4byte	.LASF84
 572 03e0 03       		.byte	0x3
 573 03e1 82       		.byte	0x82
 574 03e2 B0000000 		.4byte	0xb0
 575 03e6 78       		.byte	0x78
 576 03e7 06       		.uleb128 0x6
 577 03e8 47010000 		.4byte	.LASF85
 578 03ec 03       		.byte	0x3
 579 03ed 83       		.byte	0x83
 580 03ee B0000000 		.4byte	0xb0
 581 03f2 7A       		.byte	0x7a
 582 03f3 06       		.uleb128 0x6
 583 03f4 7F080000 		.4byte	.LASF86
 584 03f8 03       		.byte	0x3
 585 03f9 86       		.byte	0x86
 586 03fa 9A000000 		.4byte	0x9a
 587 03fe 7C       		.byte	0x7c
 588 03ff 06       		.uleb128 0x6
 589 0400 17080000 		.4byte	.LASF87
 590 0404 03       		.byte	0x3
 591 0405 87       		.byte	0x87
 592 0406 9A000000 		.4byte	0x9a
 593 040a 7D       		.byte	0x7d
 594 040b 06       		.uleb128 0x6
 595 040c D9000000 		.4byte	.LASF88
 596 0410 03       		.byte	0x3
 597 0411 88       		.byte	0x88
 598 0412 9A000000 		.4byte	0x9a
 599 0416 7E       		.byte	0x7e
 600 0417 06       		.uleb128 0x6
 601 0418 62030000 		.4byte	.LASF89
 602 041c 03       		.byte	0x3
 603 041d 89       		.byte	0x89
 604 041e 9A000000 		.4byte	0x9a
 605 0422 7F       		.byte	0x7f
 606 0423 06       		.uleb128 0x6
 607 0424 F7030000 		.4byte	.LASF90
 608 0428 03       		.byte	0x3
 609 0429 8A       		.byte	0x8a
 610 042a 9A000000 		.4byte	0x9a
 611 042e 80       		.byte	0x80
 612 042f 06       		.uleb128 0x6
 613 0430 44050000 		.4byte	.LASF91
 614 0434 03       		.byte	0x3
 615 0435 8D       		.byte	0x8d
 616 0436 C6000000 		.4byte	0xc6
 617 043a 84       		.byte	0x84
 618 043b 06       		.uleb128 0x6
 619 043c 5C010000 		.4byte	.LASF92
 620 0440 03       		.byte	0x3
 621 0441 8E       		.byte	0x8e
 622 0442 C6000000 		.4byte	0xc6
 623 0446 88       		.byte	0x88
 624 0447 06       		.uleb128 0x6
 625 0448 6A080000 		.4byte	.LASF93
 626 044c 03       		.byte	0x3
 627 044d 8F       		.byte	0x8f
ARM GAS  C:\Users\LOCALA~1\AppData\Local\Temp\ccNQ4YTp.s 			page 12


 628 044e C6000000 		.4byte	0xc6
 629 0452 8C       		.byte	0x8c
 630 0453 06       		.uleb128 0x6
 631 0454 74050000 		.4byte	.LASF94
 632 0458 03       		.byte	0x3
 633 0459 90       		.byte	0x90
 634 045a C6000000 		.4byte	0xc6
 635 045e 90       		.byte	0x90
 636 045f 06       		.uleb128 0x6
 637 0460 E2030000 		.4byte	.LASF95
 638 0464 03       		.byte	0x3
 639 0465 91       		.byte	0x91
 640 0466 C6000000 		.4byte	0xc6
 641 046a 94       		.byte	0x94
 642 046b 06       		.uleb128 0x6
 643 046c 2E050000 		.4byte	.LASF96
 644 0470 03       		.byte	0x3
 645 0471 92       		.byte	0x92
 646 0472 C6000000 		.4byte	0xc6
 647 0476 98       		.byte	0x98
 648 0477 06       		.uleb128 0x6
 649 0478 CA080000 		.4byte	.LASF97
 650 047c 03       		.byte	0x3
 651 047d 93       		.byte	0x93
 652 047e C6000000 		.4byte	0xc6
 653 0482 9C       		.byte	0x9c
 654 0483 06       		.uleb128 0x6
 655 0484 B3010000 		.4byte	.LASF98
 656 0488 03       		.byte	0x3
 657 0489 94       		.byte	0x94
 658 048a C6000000 		.4byte	0xc6
 659 048e A0       		.byte	0xa0
 660 048f 06       		.uleb128 0x6
 661 0490 89020000 		.4byte	.LASF99
 662 0494 03       		.byte	0x3
 663 0495 95       		.byte	0x95
 664 0496 B0000000 		.4byte	0xb0
 665 049a A4       		.byte	0xa4
 666 049b 06       		.uleb128 0x6
 667 049c 19050000 		.4byte	.LASF100
 668 04a0 03       		.byte	0x3
 669 04a1 96       		.byte	0x96
 670 04a2 B0000000 		.4byte	0xb0
 671 04a6 A6       		.byte	0xa6
 672 04a7 06       		.uleb128 0x6
 673 04a8 7F060000 		.4byte	.LASF101
 674 04ac 03       		.byte	0x3
 675 04ad 97       		.byte	0x97
 676 04ae B0000000 		.4byte	0xb0
 677 04b2 A8       		.byte	0xa8
 678 04b3 06       		.uleb128 0x6
 679 04b4 8C070000 		.4byte	.LASF102
 680 04b8 03       		.byte	0x3
 681 04b9 98       		.byte	0x98
 682 04ba B0000000 		.4byte	0xb0
 683 04be AA       		.byte	0xaa
 684 04bf 06       		.uleb128 0x6
ARM GAS  C:\Users\LOCALA~1\AppData\Local\Temp\ccNQ4YTp.s 			page 13


 685 04c0 88040000 		.4byte	.LASF103
 686 04c4 03       		.byte	0x3
 687 04c5 99       		.byte	0x99
 688 04c6 B0000000 		.4byte	0xb0
 689 04ca AC       		.byte	0xac
 690 04cb 06       		.uleb128 0x6
 691 04cc D2050000 		.4byte	.LASF104
 692 04d0 03       		.byte	0x3
 693 04d1 9A       		.byte	0x9a
 694 04d2 B0000000 		.4byte	0xb0
 695 04d6 AE       		.byte	0xae
 696 04d7 06       		.uleb128 0x6
 697 04d8 FC070000 		.4byte	.LASF105
 698 04dc 03       		.byte	0x3
 699 04dd 9D       		.byte	0x9d
 700 04de B0000000 		.4byte	0xb0
 701 04e2 B0       		.byte	0xb0
 702 04e3 06       		.uleb128 0x6
 703 04e4 EC000000 		.4byte	.LASF106
 704 04e8 03       		.byte	0x3
 705 04e9 9E       		.byte	0x9e
 706 04ea C6000000 		.4byte	0xc6
 707 04ee B4       		.byte	0xb4
 708 04ef 00       		.byte	0
 709 04f0 03       		.uleb128 0x3
 710 04f1 E6040000 		.4byte	.LASF107
 711 04f5 03       		.byte	0x3
 712 04f6 9F       		.byte	0x9f
 713 04f7 DF000000 		.4byte	0xdf
 714 04fb 02       		.uleb128 0x2
 715 04fc 01       		.byte	0x1
 716 04fd 08       		.byte	0x8
 717 04fe 7B070000 		.4byte	.LASF108
 718 0502 02       		.uleb128 0x2
 719 0503 04       		.byte	0x4
 720 0504 04       		.byte	0x4
 721 0505 5E060000 		.4byte	.LASF109
 722 0509 02       		.uleb128 0x2
 723 050a 08       		.byte	0x8
 724 050b 04       		.byte	0x4
 725 050c 14030000 		.4byte	.LASF110
 726 0510 07       		.uleb128 0x7
 727 0511 5B030000 		.4byte	.LASF111
 728 0515 04       		.byte	0x4
 729 0516 EC03     		.2byte	0x3ec
 730 0518 C6000000 		.4byte	0xc6
 731 051c 08       		.uleb128 0x8
 732 051d 01       		.byte	0x1
 733 051e 36000000 		.4byte	0x36
 734 0522 05       		.byte	0x5
 735 0523 1304     		.2byte	0x413
 736 0525 42050000 		.4byte	0x542
 737 0529 09       		.uleb128 0x9
 738 052a A8020000 		.4byte	.LASF112
 739 052e 00       		.byte	0
 740 052f 09       		.uleb128 0x9
 741 0530 B0060000 		.4byte	.LASF113
ARM GAS  C:\Users\LOCALA~1\AppData\Local\Temp\ccNQ4YTp.s 			page 14


 742 0534 01       		.byte	0x1
 743 0535 09       		.uleb128 0x9
 744 0536 F1020000 		.4byte	.LASF114
 745 053a 02       		.byte	0x2
 746 053b 09       		.uleb128 0x9
 747 053c 94080000 		.4byte	.LASF115
 748 0540 03       		.byte	0x3
 749 0541 00       		.byte	0
 750 0542 07       		.uleb128 0x7
 751 0543 47020000 		.4byte	.LASF116
 752 0547 05       		.byte	0x5
 753 0548 1804     		.2byte	0x418
 754 054a 1C050000 		.4byte	0x51c
 755 054e 0A       		.uleb128 0xa
 756 054f 78       		.byte	0x78
 757 0550 05       		.byte	0x5
 758 0551 0205     		.2byte	0x502
 759 0553 1B060000 		.4byte	0x61b
 760 0557 0B       		.uleb128 0xb
 761 0558 CF070000 		.4byte	.LASF117
 762 055c 05       		.byte	0x5
 763 055d 0405     		.2byte	0x504
 764 055f C6000000 		.4byte	0xc6
 765 0563 00       		.byte	0
 766 0564 0B       		.uleb128 0xb
 767 0565 57080000 		.4byte	.LASF118
 768 0569 05       		.byte	0x5
 769 056a 0505     		.2byte	0x505
 770 056c C6000000 		.4byte	0xc6
 771 0570 04       		.byte	0x4
 772 0571 0B       		.uleb128 0xb
 773 0572 3B030000 		.4byte	.LASF119
 774 0576 05       		.byte	0x5
 775 0577 0605     		.2byte	0x506
 776 0579 C6000000 		.4byte	0xc6
 777 057d 08       		.byte	0x8
 778 057e 0B       		.uleb128 0xb
 779 057f AE050000 		.4byte	.LASF120
 780 0583 05       		.byte	0x5
 781 0584 0705     		.2byte	0x507
 782 0586 C6000000 		.4byte	0xc6
 783 058a 0C       		.byte	0xc
 784 058b 0B       		.uleb128 0xb
 785 058c 96040000 		.4byte	.LASF121
 786 0590 05       		.byte	0x5
 787 0591 0805     		.2byte	0x508
 788 0593 C6000000 		.4byte	0xc6
 789 0597 10       		.byte	0x10
 790 0598 0B       		.uleb128 0xb
 791 0599 28080000 		.4byte	.LASF122
 792 059d 05       		.byte	0x5
 793 059e 0905     		.2byte	0x509
 794 05a0 42050000 		.4byte	0x542
 795 05a4 14       		.byte	0x14
 796 05a5 0B       		.uleb128 0xb
 797 05a6 A1060000 		.4byte	.LASF123
 798 05aa 05       		.byte	0x5
ARM GAS  C:\Users\LOCALA~1\AppData\Local\Temp\ccNQ4YTp.s 			page 15


 799 05ab 0A05     		.2byte	0x50a
 800 05ad C6000000 		.4byte	0xc6
 801 05b1 18       		.byte	0x18
 802 05b2 0B       		.uleb128 0xb
 803 05b3 F6040000 		.4byte	.LASF124
 804 05b7 05       		.byte	0x5
 805 05b8 0B05     		.2byte	0x50b
 806 05ba 1B060000 		.4byte	0x61b
 807 05be 1C       		.byte	0x1c
 808 05bf 0B       		.uleb128 0xb
 809 05c0 0D070000 		.4byte	.LASF125
 810 05c4 05       		.byte	0x5
 811 05c5 0C05     		.2byte	0x50c
 812 05c7 C6000000 		.4byte	0xc6
 813 05cb 5C       		.byte	0x5c
 814 05cc 0B       		.uleb128 0xb
 815 05cd 3B010000 		.4byte	.LASF126
 816 05d1 05       		.byte	0x5
 817 05d2 0D05     		.2byte	0x50d
 818 05d4 C6000000 		.4byte	0xc6
 819 05d8 60       		.byte	0x60
 820 05d9 0B       		.uleb128 0xb
 821 05da 50060000 		.4byte	.LASF127
 822 05de 05       		.byte	0x5
 823 05df 0E05     		.2byte	0x50e
 824 05e1 C6000000 		.4byte	0xc6
 825 05e5 64       		.byte	0x64
 826 05e6 0B       		.uleb128 0xb
 827 05e7 03070000 		.4byte	.LASF128
 828 05eb 05       		.byte	0x5
 829 05ec 0F05     		.2byte	0x50f
 830 05ee C6000000 		.4byte	0xc6
 831 05f2 68       		.byte	0x68
 832 05f3 0B       		.uleb128 0xb
 833 05f4 EF080000 		.4byte	.LASF129
 834 05f8 05       		.byte	0x5
 835 05f9 1005     		.2byte	0x510
 836 05fb C6000000 		.4byte	0xc6
 837 05ff 6C       		.byte	0x6c
 838 0600 0B       		.uleb128 0xb
 839 0601 E0050000 		.4byte	.LASF130
 840 0605 05       		.byte	0x5
 841 0606 1105     		.2byte	0x511
 842 0608 2B060000 		.4byte	0x62b
 843 060c 70       		.byte	0x70
 844 060d 0B       		.uleb128 0xb
 845 060e 63070000 		.4byte	.LASF131
 846 0612 05       		.byte	0x5
 847 0613 1205     		.2byte	0x512
 848 0615 C6000000 		.4byte	0xc6
 849 0619 74       		.byte	0x74
 850 061a 00       		.byte	0
 851 061b 0C       		.uleb128 0xc
 852 061c C6000000 		.4byte	0xc6
 853 0620 2B060000 		.4byte	0x62b
 854 0624 0D       		.uleb128 0xd
 855 0625 D1000000 		.4byte	0xd1
ARM GAS  C:\Users\LOCALA~1\AppData\Local\Temp\ccNQ4YTp.s 			page 16


 856 0629 0F       		.byte	0xf
 857 062a 00       		.byte	0
 858 062b 02       		.uleb128 0x2
 859 062c 01       		.byte	0x1
 860 062d 02       		.byte	0x2
 861 062e C9060000 		.4byte	.LASF132
 862 0632 07       		.uleb128 0x7
 863 0633 04020000 		.4byte	.LASF133
 864 0637 05       		.byte	0x5
 865 0638 1305     		.2byte	0x513
 866 063a 4E050000 		.4byte	0x54e
 867 063e 05       		.uleb128 0x5
 868 063f 14       		.byte	0x14
 869 0640 06       		.byte	0x6
 870 0641 3B       		.byte	0x3b
 871 0642 83060000 		.4byte	0x683
 872 0646 06       		.uleb128 0x6
 873 0647 01050000 		.4byte	.LASF134
 874 064b 06       		.byte	0x6
 875 064c 3D       		.byte	0x3d
 876 064d C6000000 		.4byte	0xc6
 877 0651 00       		.byte	0
 878 0652 06       		.uleb128 0x6
 879 0653 DA040000 		.4byte	.LASF135
 880 0657 06       		.byte	0x6
 881 0658 3E       		.byte	0x3e
 882 0659 C6000000 		.4byte	0xc6
 883 065d 04       		.byte	0x4
 884 065e 06       		.uleb128 0x6
 885 065f 9C030000 		.4byte	.LASF136
 886 0663 06       		.byte	0x6
 887 0664 3F       		.byte	0x3f
 888 0665 83060000 		.4byte	0x683
 889 0669 08       		.byte	0x8
 890 066a 06       		.uleb128 0x6
 891 066b E8070000 		.4byte	.LASF137
 892 066f 06       		.byte	0x6
 893 0670 40       		.byte	0x40
 894 0671 C6000000 		.4byte	0xc6
 895 0675 0C       		.byte	0xc
 896 0676 06       		.uleb128 0x6
 897 0677 6A020000 		.4byte	.LASF138
 898 067b 06       		.byte	0x6
 899 067c 45       		.byte	0x45
 900 067d C6000000 		.4byte	0xc6
 901 0681 10       		.byte	0x10
 902 0682 00       		.byte	0
 903 0683 0E       		.uleb128 0xe
 904 0684 04       		.byte	0x4
 905 0685 89060000 		.4byte	0x689
 906 0689 0F       		.uleb128 0xf
 907 068a 32060000 		.4byte	0x632
 908 068e 03       		.uleb128 0x3
 909 068f FF050000 		.4byte	.LASF139
 910 0693 06       		.byte	0x6
 911 0694 48       		.byte	0x48
 912 0695 3E060000 		.4byte	0x63e
ARM GAS  C:\Users\LOCALA~1\AppData\Local\Temp\ccNQ4YTp.s 			page 17


 913 0699 0C       		.uleb128 0xc
 914 069a 89060000 		.4byte	0x689
 915 069e A9060000 		.4byte	0x6a9
 916 06a2 0D       		.uleb128 0xd
 917 06a3 D1000000 		.4byte	0xd1
 918 06a7 00       		.byte	0
 919 06a8 00       		.byte	0
 920 06a9 10       		.uleb128 0x10
 921 06aa AE080000 		.4byte	.LASF147
 922 06ae 08       		.byte	0x8
 923 06af 2A       		.byte	0x2a
 924 06b0 BA060000 		.4byte	0x6ba
 925 06b4 05       		.uleb128 0x5
 926 06b5 03       		.byte	0x3
 927 06b6 00000000 		.4byte	ADC_INVERTING_AMP_hwConfigs
 928 06ba 0F       		.uleb128 0xf
 929 06bb 99060000 		.4byte	0x699
 930 06bf 11       		.uleb128 0x11
 931 06c0 C9010000 		.4byte	.LASF140
 932 06c4 07       		.byte	0x7
 933 06c5 F907     		.2byte	0x7f9
 934 06c7 CB060000 		.4byte	0x6cb
 935 06cb 12       		.uleb128 0x12
 936 06cc BB000000 		.4byte	0xbb
 937 06d0 13       		.uleb128 0x13
 938 06d1 75060000 		.4byte	.LASF141
 939 06d5 03       		.byte	0x3
 940 06d6 A7       		.byte	0xa7
 941 06d7 DB060000 		.4byte	0x6db
 942 06db 0E       		.uleb128 0xe
 943 06dc 04       		.byte	0x4
 944 06dd E1060000 		.4byte	0x6e1
 945 06e1 0F       		.uleb128 0xf
 946 06e2 F0040000 		.4byte	0x4f0
 947 06e6 11       		.uleb128 0x11
 948 06e7 BA040000 		.4byte	.LASF142
 949 06eb 06       		.byte	0x6
 950 06ec 6001     		.2byte	0x160
 951 06ee C6000000 		.4byte	0xc6
 952 06f2 0C       		.uleb128 0xc
 953 06f3 02070000 		.4byte	0x702
 954 06f7 02070000 		.4byte	0x702
 955 06fb 0D       		.uleb128 0xd
 956 06fc D1000000 		.4byte	0xd1
 957 0700 00       		.byte	0
 958 0701 00       		.byte	0
 959 0702 0F       		.uleb128 0xf
 960 0703 8E060000 		.4byte	0x68e
 961 0707 14       		.uleb128 0x14
 962 0708 11090000 		.4byte	.LASF143
 963 070c 08       		.byte	0x8
 964 070d 8F       		.byte	0x8f
 965 070e 18070000 		.4byte	0x718
 966 0712 05       		.uleb128 0x5
 967 0713 03       		.byte	0x3
 968 0714 00000000 		.4byte	ADC_INVERTING_AMP_allConfigs
 969 0718 0F       		.uleb128 0xf
ARM GAS  C:\Users\LOCALA~1\AppData\Local\Temp\ccNQ4YTp.s 			page 18


 970 0719 F2060000 		.4byte	0x6f2
 971 071d 00       		.byte	0
 972              		.section	.debug_abbrev,"",%progbits
 973              	.Ldebug_abbrev0:
 974 0000 01       		.uleb128 0x1
 975 0001 11       		.uleb128 0x11
 976 0002 01       		.byte	0x1
 977 0003 25       		.uleb128 0x25
 978 0004 0E       		.uleb128 0xe
 979 0005 13       		.uleb128 0x13
 980 0006 0B       		.uleb128 0xb
 981 0007 03       		.uleb128 0x3
 982 0008 0E       		.uleb128 0xe
 983 0009 1B       		.uleb128 0x1b
 984 000a 0E       		.uleb128 0xe
 985 000b 10       		.uleb128 0x10
 986 000c 17       		.uleb128 0x17
 987 000d 00       		.byte	0
 988 000e 00       		.byte	0
 989 000f 02       		.uleb128 0x2
 990 0010 24       		.uleb128 0x24
 991 0011 00       		.byte	0
 992 0012 0B       		.uleb128 0xb
 993 0013 0B       		.uleb128 0xb
 994 0014 3E       		.uleb128 0x3e
 995 0015 0B       		.uleb128 0xb
 996 0016 03       		.uleb128 0x3
 997 0017 0E       		.uleb128 0xe
 998 0018 00       		.byte	0
 999 0019 00       		.byte	0
 1000 001a 03       		.uleb128 0x3
 1001 001b 16       		.uleb128 0x16
 1002 001c 00       		.byte	0
 1003 001d 03       		.uleb128 0x3
 1004 001e 0E       		.uleb128 0xe
 1005 001f 3A       		.uleb128 0x3a
 1006 0020 0B       		.uleb128 0xb
 1007 0021 3B       		.uleb128 0x3b
 1008 0022 0B       		.uleb128 0xb
 1009 0023 49       		.uleb128 0x49
 1010 0024 13       		.uleb128 0x13
 1011 0025 00       		.byte	0
 1012 0026 00       		.byte	0
 1013 0027 04       		.uleb128 0x4
 1014 0028 24       		.uleb128 0x24
 1015 0029 00       		.byte	0
 1016 002a 0B       		.uleb128 0xb
 1017 002b 0B       		.uleb128 0xb
 1018 002c 3E       		.uleb128 0x3e
 1019 002d 0B       		.uleb128 0xb
 1020 002e 03       		.uleb128 0x3
 1021 002f 08       		.uleb128 0x8
 1022 0030 00       		.byte	0
 1023 0031 00       		.byte	0
 1024 0032 05       		.uleb128 0x5
 1025 0033 13       		.uleb128 0x13
 1026 0034 01       		.byte	0x1
ARM GAS  C:\Users\LOCALA~1\AppData\Local\Temp\ccNQ4YTp.s 			page 19


 1027 0035 0B       		.uleb128 0xb
 1028 0036 0B       		.uleb128 0xb
 1029 0037 3A       		.uleb128 0x3a
 1030 0038 0B       		.uleb128 0xb
 1031 0039 3B       		.uleb128 0x3b
 1032 003a 0B       		.uleb128 0xb
 1033 003b 01       		.uleb128 0x1
 1034 003c 13       		.uleb128 0x13
 1035 003d 00       		.byte	0
 1036 003e 00       		.byte	0
 1037 003f 06       		.uleb128 0x6
 1038 0040 0D       		.uleb128 0xd
 1039 0041 00       		.byte	0
 1040 0042 03       		.uleb128 0x3
 1041 0043 0E       		.uleb128 0xe
 1042 0044 3A       		.uleb128 0x3a
 1043 0045 0B       		.uleb128 0xb
 1044 0046 3B       		.uleb128 0x3b
 1045 0047 0B       		.uleb128 0xb
 1046 0048 49       		.uleb128 0x49
 1047 0049 13       		.uleb128 0x13
 1048 004a 38       		.uleb128 0x38
 1049 004b 0B       		.uleb128 0xb
 1050 004c 00       		.byte	0
 1051 004d 00       		.byte	0
 1052 004e 07       		.uleb128 0x7
 1053 004f 16       		.uleb128 0x16
 1054 0050 00       		.byte	0
 1055 0051 03       		.uleb128 0x3
 1056 0052 0E       		.uleb128 0xe
 1057 0053 3A       		.uleb128 0x3a
 1058 0054 0B       		.uleb128 0xb
 1059 0055 3B       		.uleb128 0x3b
 1060 0056 05       		.uleb128 0x5
 1061 0057 49       		.uleb128 0x49
 1062 0058 13       		.uleb128 0x13
 1063 0059 00       		.byte	0
 1064 005a 00       		.byte	0
 1065 005b 08       		.uleb128 0x8
 1066 005c 04       		.uleb128 0x4
 1067 005d 01       		.byte	0x1
 1068 005e 0B       		.uleb128 0xb
 1069 005f 0B       		.uleb128 0xb
 1070 0060 49       		.uleb128 0x49
 1071 0061 13       		.uleb128 0x13
 1072 0062 3A       		.uleb128 0x3a
 1073 0063 0B       		.uleb128 0xb
 1074 0064 3B       		.uleb128 0x3b
 1075 0065 05       		.uleb128 0x5
 1076 0066 01       		.uleb128 0x1
 1077 0067 13       		.uleb128 0x13
 1078 0068 00       		.byte	0
 1079 0069 00       		.byte	0
 1080 006a 09       		.uleb128 0x9
 1081 006b 28       		.uleb128 0x28
 1082 006c 00       		.byte	0
 1083 006d 03       		.uleb128 0x3
ARM GAS  C:\Users\LOCALA~1\AppData\Local\Temp\ccNQ4YTp.s 			page 20


 1084 006e 0E       		.uleb128 0xe
 1085 006f 1C       		.uleb128 0x1c
 1086 0070 0B       		.uleb128 0xb
 1087 0071 00       		.byte	0
 1088 0072 00       		.byte	0
 1089 0073 0A       		.uleb128 0xa
 1090 0074 13       		.uleb128 0x13
 1091 0075 01       		.byte	0x1
 1092 0076 0B       		.uleb128 0xb
 1093 0077 0B       		.uleb128 0xb
 1094 0078 3A       		.uleb128 0x3a
 1095 0079 0B       		.uleb128 0xb
 1096 007a 3B       		.uleb128 0x3b
 1097 007b 05       		.uleb128 0x5
 1098 007c 01       		.uleb128 0x1
 1099 007d 13       		.uleb128 0x13
 1100 007e 00       		.byte	0
 1101 007f 00       		.byte	0
 1102 0080 0B       		.uleb128 0xb
 1103 0081 0D       		.uleb128 0xd
 1104 0082 00       		.byte	0
 1105 0083 03       		.uleb128 0x3
 1106 0084 0E       		.uleb128 0xe
 1107 0085 3A       		.uleb128 0x3a
 1108 0086 0B       		.uleb128 0xb
 1109 0087 3B       		.uleb128 0x3b
 1110 0088 05       		.uleb128 0x5
 1111 0089 49       		.uleb128 0x49
 1112 008a 13       		.uleb128 0x13
 1113 008b 38       		.uleb128 0x38
 1114 008c 0B       		.uleb128 0xb
 1115 008d 00       		.byte	0
 1116 008e 00       		.byte	0
 1117 008f 0C       		.uleb128 0xc
 1118 0090 01       		.uleb128 0x1
 1119 0091 01       		.byte	0x1
 1120 0092 49       		.uleb128 0x49
 1121 0093 13       		.uleb128 0x13
 1122 0094 01       		.uleb128 0x1
 1123 0095 13       		.uleb128 0x13
 1124 0096 00       		.byte	0
 1125 0097 00       		.byte	0
 1126 0098 0D       		.uleb128 0xd
 1127 0099 21       		.uleb128 0x21
 1128 009a 00       		.byte	0
 1129 009b 49       		.uleb128 0x49
 1130 009c 13       		.uleb128 0x13
 1131 009d 2F       		.uleb128 0x2f
 1132 009e 0B       		.uleb128 0xb
 1133 009f 00       		.byte	0
 1134 00a0 00       		.byte	0
 1135 00a1 0E       		.uleb128 0xe
 1136 00a2 0F       		.uleb128 0xf
 1137 00a3 00       		.byte	0
 1138 00a4 0B       		.uleb128 0xb
 1139 00a5 0B       		.uleb128 0xb
 1140 00a6 49       		.uleb128 0x49
ARM GAS  C:\Users\LOCALA~1\AppData\Local\Temp\ccNQ4YTp.s 			page 21


 1141 00a7 13       		.uleb128 0x13
 1142 00a8 00       		.byte	0
 1143 00a9 00       		.byte	0
 1144 00aa 0F       		.uleb128 0xf
 1145 00ab 26       		.uleb128 0x26
 1146 00ac 00       		.byte	0
 1147 00ad 49       		.uleb128 0x49
 1148 00ae 13       		.uleb128 0x13
 1149 00af 00       		.byte	0
 1150 00b0 00       		.byte	0
 1151 00b1 10       		.uleb128 0x10
 1152 00b2 34       		.uleb128 0x34
 1153 00b3 00       		.byte	0
 1154 00b4 03       		.uleb128 0x3
 1155 00b5 0E       		.uleb128 0xe
 1156 00b6 3A       		.uleb128 0x3a
 1157 00b7 0B       		.uleb128 0xb
 1158 00b8 3B       		.uleb128 0x3b
 1159 00b9 0B       		.uleb128 0xb
 1160 00ba 49       		.uleb128 0x49
 1161 00bb 13       		.uleb128 0x13
 1162 00bc 02       		.uleb128 0x2
 1163 00bd 18       		.uleb128 0x18
 1164 00be 00       		.byte	0
 1165 00bf 00       		.byte	0
 1166 00c0 11       		.uleb128 0x11
 1167 00c1 34       		.uleb128 0x34
 1168 00c2 00       		.byte	0
 1169 00c3 03       		.uleb128 0x3
 1170 00c4 0E       		.uleb128 0xe
 1171 00c5 3A       		.uleb128 0x3a
 1172 00c6 0B       		.uleb128 0xb
 1173 00c7 3B       		.uleb128 0x3b
 1174 00c8 05       		.uleb128 0x5
 1175 00c9 49       		.uleb128 0x49
 1176 00ca 13       		.uleb128 0x13
 1177 00cb 3F       		.uleb128 0x3f
 1178 00cc 19       		.uleb128 0x19
 1179 00cd 3C       		.uleb128 0x3c
 1180 00ce 19       		.uleb128 0x19
 1181 00cf 00       		.byte	0
 1182 00d0 00       		.byte	0
 1183 00d1 12       		.uleb128 0x12
 1184 00d2 35       		.uleb128 0x35
 1185 00d3 00       		.byte	0
 1186 00d4 49       		.uleb128 0x49
 1187 00d5 13       		.uleb128 0x13
 1188 00d6 00       		.byte	0
 1189 00d7 00       		.byte	0
 1190 00d8 13       		.uleb128 0x13
 1191 00d9 34       		.uleb128 0x34
 1192 00da 00       		.byte	0
 1193 00db 03       		.uleb128 0x3
 1194 00dc 0E       		.uleb128 0xe
 1195 00dd 3A       		.uleb128 0x3a
 1196 00de 0B       		.uleb128 0xb
 1197 00df 3B       		.uleb128 0x3b
ARM GAS  C:\Users\LOCALA~1\AppData\Local\Temp\ccNQ4YTp.s 			page 22


 1198 00e0 0B       		.uleb128 0xb
 1199 00e1 49       		.uleb128 0x49
 1200 00e2 13       		.uleb128 0x13
 1201 00e3 3F       		.uleb128 0x3f
 1202 00e4 19       		.uleb128 0x19
 1203 00e5 3C       		.uleb128 0x3c
 1204 00e6 19       		.uleb128 0x19
 1205 00e7 00       		.byte	0
 1206 00e8 00       		.byte	0
 1207 00e9 14       		.uleb128 0x14
 1208 00ea 34       		.uleb128 0x34
 1209 00eb 00       		.byte	0
 1210 00ec 03       		.uleb128 0x3
 1211 00ed 0E       		.uleb128 0xe
 1212 00ee 3A       		.uleb128 0x3a
 1213 00ef 0B       		.uleb128 0xb
 1214 00f0 3B       		.uleb128 0x3b
 1215 00f1 0B       		.uleb128 0xb
 1216 00f2 49       		.uleb128 0x49
 1217 00f3 13       		.uleb128 0x13
 1218 00f4 3F       		.uleb128 0x3f
 1219 00f5 19       		.uleb128 0x19
 1220 00f6 02       		.uleb128 0x2
 1221 00f7 18       		.uleb128 0x18
 1222 00f8 00       		.byte	0
 1223 00f9 00       		.byte	0
 1224 00fa 00       		.byte	0
 1225              		.section	.debug_aranges,"",%progbits
 1226 0000 14000000 		.4byte	0x14
 1227 0004 0200     		.2byte	0x2
 1228 0006 00000000 		.4byte	.Ldebug_info0
 1229 000a 04       		.byte	0x4
 1230 000b 00       		.byte	0
 1231 000c 0000     		.2byte	0
 1232 000e 0000     		.2byte	0
 1233 0010 00000000 		.4byte	0
 1234 0014 00000000 		.4byte	0
 1235              		.section	.debug_line,"",%progbits
 1236              	.Ldebug_line0:
 1237 0000 5D020000 		.section	.debug_str,"MS",%progbits,1
 1237      02005702 
 1237      00000201 
 1237      FB0E0D00 
 1237      01010101 
 1238              	.LASF56:
 1239 0000 70726F74 		.ascii	"protBusMasterMask\000"
 1239      4275734D 
 1239      61737465 
 1239      724D6173 
 1239      6B00
 1240              	.LASF144:
 1241 0012 474E5520 		.ascii	"GNU C11 5.4.1 20160609 (release) [ARM/embedded-5-br"
 1241      43313120 
 1241      352E342E 
 1241      31203230 
 1241      31363036 
 1242 0045 616E6368 		.ascii	"anch revision 237715] -mcpu=cortex-m4 -mfloat-abi=s"
ARM GAS  C:\Users\LOCALA~1\AppData\Local\Temp\ccNQ4YTp.s 			page 23


 1242      20726576 
 1242      6973696F 
 1242      6E203233 
 1242      37373135 
 1243 0078 6F667466 		.ascii	"oftfp -mfpu=fpv4-sp-d16 -mthumb -g -O0 -ffunction-s"
 1243      70202D6D 
 1243      6670753D 
 1243      66707634 
 1243      2D73702D 
 1244 00ab 65637469 		.ascii	"ections -ffat-lto-objects\000"
 1244      6F6E7320 
 1244      2D666661 
 1244      742D6C74 
 1244      6F2D6F62 
 1245              	.LASF66:
 1246 00c5 666C6173 		.ascii	"flashCtlMainWs3Freq\000"
 1246      6843746C 
 1246      4D61696E 
 1246      57733346 
 1246      72657100 
 1247              	.LASF88:
 1248 00d9 6770696F 		.ascii	"gpioPrtCfgInOffset\000"
 1248      50727443 
 1248      6667496E 
 1248      4F666673 
 1248      657400
 1249              	.LASF106:
 1250 00ec 6970634C 		.ascii	"ipcLockStatusOffset\000"
 1250      6F636B53 
 1250      74617475 
 1250      734F6666 
 1250      73657400 
 1251              	.LASF32:
 1252 0100 63727970 		.ascii	"cryptoVersion\000"
 1252      746F5665 
 1252      7273696F 
 1252      6E00
 1253              	.LASF50:
 1254 010e 70657269 		.ascii	"periClockNr\000"
 1254      436C6F63 
 1254      6B4E7200 
 1255              	.LASF28:
 1256 011a 70617373 		.ascii	"passBase\000"
 1256      42617365 
 1256      00
 1257              	.LASF41:
 1258 0123 63707573 		.ascii	"cpussIpcIrqNr\000"
 1258      73497063 
 1258      4972714E 
 1258      7200
 1259              	.LASF3:
 1260 0131 5F5F7569 		.ascii	"__uint8_t\000"
 1260      6E74385F 
 1260      7400
 1261              	.LASF126:
 1262 013b 73617449 		.ascii	"satIntrMask\000"
 1262      6E74724D 
ARM GAS  C:\Users\LOCALA~1\AppData\Local\Temp\ccNQ4YTp.s 			page 24


 1262      61736B00 
 1263              	.LASF85:
 1264 0147 70657269 		.ascii	"periDiv24_5CtlOffset\000"
 1264      44697632 
 1264      345F3543 
 1264      746C4F66 
 1264      66736574 
 1265              	.LASF92:
 1266 015c 63707573 		.ascii	"cpussCm4ClockCtlOffset\000"
 1266      73436D34 
 1266      436C6F63 
 1266      6B43746C 
 1266      4F666673 
 1267              	.LASF21:
 1268 0173 63707573 		.ascii	"cpussBase\000"
 1268      73426173 
 1268      6500
 1269              	.LASF70:
 1270 017d 64774368 		.ascii	"dwChCtlPrioPos\000"
 1270      43746C50 
 1270      72696F50 
 1270      6F7300
 1271              	.LASF12:
 1272 018c 6C6F6E67 		.ascii	"long long unsigned int\000"
 1272      206C6F6E 
 1272      6720756E 
 1272      7369676E 
 1272      65642069 
 1273              	.LASF74:
 1274 01a3 70657269 		.ascii	"periTrCmdOffset\000"
 1274      5472436D 
 1274      644F6666 
 1274      73657400 
 1275              	.LASF98:
 1276 01b3 63707573 		.ascii	"cpussSysTickCtlOffset\000"
 1276      73537973 
 1276      5469636B 
 1276      43746C4F 
 1276      66667365 
 1277              	.LASF140:
 1278 01c9 49544D5F 		.ascii	"ITM_RxBuffer\000"
 1278      52784275 
 1278      66666572 
 1278      00
 1279              	.LASF59:
 1280 01d6 666C6173 		.ascii	"flashPipeRequired\000"
 1280      68506970 
 1280      65526571 
 1280      75697265 
 1280      6400
 1281              	.LASF63:
 1282 01e8 666C6173 		.ascii	"flashCtlMainWs0Freq\000"
 1282      6843746C 
 1282      4D61696E 
 1282      57733046 
 1282      72657100 
 1283              	.LASF15:
ARM GAS  C:\Users\LOCALA~1\AppData\Local\Temp\ccNQ4YTp.s 			page 25


 1284 01fc 696E7431 		.ascii	"int16_t\000"
 1284      365F7400 
 1285              	.LASF133:
 1286 0204 63795F73 		.ascii	"cy_stc_sar_config_t\000"
 1286      74635F73 
 1286      61725F63 
 1286      6F6E6669 
 1286      675F7400 
 1287              	.LASF11:
 1288 0218 6C6F6E67 		.ascii	"long long int\000"
 1288      206C6F6E 
 1288      6720696E 
 1288      7400
 1289              	.LASF1:
 1290 0226 7369676E 		.ascii	"signed char\000"
 1290      65642063 
 1290      68617200 
 1291              	.LASF79:
 1292 0232 70657269 		.ascii	"periDivCmdTypeSelPos\000"
 1292      44697643 
 1292      6D645479 
 1292      70655365 
 1292      6C506F73 
 1293              	.LASF116:
 1294 0247 63795F65 		.ascii	"cy_en_sar_range_detect_condition_t\000"
 1294      6E5F7361 
 1294      725F7261 
 1294      6E67655F 
 1294      64657465 
 1295              	.LASF138:
 1296 026a 636C6B44 		.ascii	"clkDivider\000"
 1296      69766964 
 1296      657200
 1297              	.LASF25:
 1298 0275 70726F74 		.ascii	"protBase\000"
 1298      42617365 
 1298      00
 1299              	.LASF37:
 1300 027e 69706356 		.ascii	"ipcVersion\000"
 1300      65727369 
 1300      6F6E00
 1301              	.LASF99:
 1302 0289 63707573 		.ascii	"cpussCm0NmiCtlOffset\000"
 1302      73436D30 
 1302      4E6D6943 
 1302      746C4F66 
 1302      66736574 
 1303              	.LASF26:
 1304 029e 6873696F 		.ascii	"hsiomBase\000"
 1304      6D426173 
 1304      6500
 1305              	.LASF112:
 1306 02a8 43595F53 		.ascii	"CY_SAR_RANGE_COND_BELOW\000"
 1306      41525F52 
 1306      414E4745 
 1306      5F434F4E 
 1306      445F4245 
ARM GAS  C:\Users\LOCALA~1\AppData\Local\Temp\ccNQ4YTp.s 			page 26


 1307              	.LASF8:
 1308 02c0 6C6F6E67 		.ascii	"long int\000"
 1308      20696E74 
 1308      00
 1309              	.LASF57:
 1310 02c9 63727970 		.ascii	"cryptoMemSize\000"
 1310      746F4D65 
 1310      6D53697A 
 1310      6500
 1311              	.LASF23:
 1312 02d7 70657269 		.ascii	"periBase\000"
 1312      42617365 
 1312      00
 1313              	.LASF55:
 1314 02e0 73797350 		.ascii	"sysPmSimoPresent\000"
 1314      6D53696D 
 1314      6F507265 
 1314      73656E74 
 1314      00
 1315              	.LASF114:
 1316 02f1 43595F53 		.ascii	"CY_SAR_RANGE_COND_ABOVE\000"
 1316      41525F52 
 1316      414E4745 
 1316      5F434F4E 
 1316      445F4142 
 1317              	.LASF45:
 1318 0309 63707573 		.ascii	"cpussFmIrq\000"
 1318      73466D49 
 1318      727100
 1319              	.LASF110:
 1320 0314 646F7562 		.ascii	"double\000"
 1320      6C6500
 1321              	.LASF84:
 1322 031b 70657269 		.ascii	"periDiv16_5CtlOffset\000"
 1322      44697631 
 1322      365F3543 
 1322      746C4F66 
 1322      66736574 
 1323              	.LASF48:
 1324 0330 73727373 		.ascii	"srssNumPll\000"
 1324      4E756D50 
 1324      6C6C00
 1325              	.LASF119:
 1326 033b 73616D70 		.ascii	"sampleTime01\000"
 1326      6C655469 
 1326      6D653031 
 1326      00
 1327              	.LASF6:
 1328 0348 73686F72 		.ascii	"short unsigned int\000"
 1328      7420756E 
 1328      7369676E 
 1328      65642069 
 1328      6E7400
 1329              	.LASF111:
 1330 035b 75696E74 		.ascii	"uint32\000"
 1330      333200
 1331              	.LASF89:
ARM GAS  C:\Users\LOCALA~1\AppData\Local\Temp\ccNQ4YTp.s 			page 27


 1332 0362 6770696F 		.ascii	"gpioPrtCfgOutOffset\000"
 1332      50727443 
 1332      66674F75 
 1332      744F6666 
 1332      73657400 
 1333              	.LASF22:
 1334 0376 666C6173 		.ascii	"flashcBase\000"
 1334      68634261 
 1334      736500
 1335              	.LASF9:
 1336 0381 5F5F7569 		.ascii	"__uint32_t\000"
 1336      6E743332 
 1336      5F7400
 1337              	.LASF52:
 1338 038c 70617373 		.ascii	"passSarChannels\000"
 1338      53617243 
 1338      68616E6E 
 1338      656C7300 
 1339              	.LASF136:
 1340 039c 6877436F 		.ascii	"hwConfigStc\000"
 1340      6E666967 
 1340      53746300 
 1341              	.LASF145:
 1342 03a8 47656E65 		.ascii	"Generated_Source\\PSoC6\\ADC_INVERTING_AMP_INIT.c\000"
 1342      72617465 
 1342      645F536F 
 1342      75726365 
 1342      5C50536F 
 1343              	.LASF4:
 1344 03d8 5F5F696E 		.ascii	"__int16_t\000"
 1344      7431365F 
 1344      7400
 1345              	.LASF95:
 1346 03e2 63707573 		.ascii	"cpussCm4PwrCtlOffset\000"
 1346      73436D34 
 1346      50777243 
 1346      746C4F66 
 1346      66736574 
 1347              	.LASF90:
 1348 03f7 6770696F 		.ascii	"gpioPrtCfgSioOffset\000"
 1348      50727443 
 1348      66675369 
 1348      6F4F6666 
 1348      73657400 
 1349              	.LASF42:
 1350 040b 63707573 		.ascii	"cpussDwChNr\000"
 1350      73447743 
 1350      684E7200 
 1351              	.LASF13:
 1352 0417 756E7369 		.ascii	"unsigned int\000"
 1352      676E6564 
 1352      20696E74 
 1352      00
 1353              	.LASF16:
 1354 0424 75696E74 		.ascii	"uint16_t\000"
 1354      31365F74 
 1354      00
ARM GAS  C:\Users\LOCALA~1\AppData\Local\Temp\ccNQ4YTp.s 			page 28


 1355              	.LASF75:
 1356 042d 70657269 		.ascii	"periTrCmdGrSelMsk\000"
 1356      5472436D 
 1356      64477253 
 1356      656C4D73 
 1356      6B00
 1357              	.LASF10:
 1358 043f 6C6F6E67 		.ascii	"long unsigned int\000"
 1358      20756E73 
 1358      69676E65 
 1358      6420696E 
 1358      7400
 1359              	.LASF40:
 1360 0451 63707573 		.ascii	"cpussIpcNr\000"
 1360      73497063 
 1360      4E7200
 1361              	.LASF27:
 1362 045c 6770696F 		.ascii	"gpioBase\000"
 1362      42617365 
 1362      00
 1363              	.LASF65:
 1364 0465 666C6173 		.ascii	"flashCtlMainWs2Freq\000"
 1364      6843746C 
 1364      4D61696E 
 1364      57733246 
 1364      72657100 
 1365              	.LASF76:
 1366 0479 70657269 		.ascii	"periTrGrOffset\000"
 1366      54724772 
 1366      4F666673 
 1366      657400
 1367              	.LASF103:
 1368 0488 63707573 		.ascii	"cpussRam1Ctl0\000"
 1368      7352616D 
 1368      3143746C 
 1368      3000
 1369              	.LASF121:
 1370 0496 72616E67 		.ascii	"rangeThres\000"
 1370      65546872 
 1370      657300
 1371              	.LASF77:
 1372 04a1 70657269 		.ascii	"periTrGrSize\000"
 1372      54724772 
 1372      53697A65 
 1372      00
 1373              	.LASF35:
 1374 04ae 6770696F 		.ascii	"gpioVersion\000"
 1374      56657273 
 1374      696F6E00 
 1375              	.LASF142:
 1376 04ba 4144435F 		.ascii	"ADC_INVERTING_AMP_currentConfig\000"
 1376      494E5645 
 1376      5254494E 
 1376      475F414D 
 1376      505F6375 
 1377              	.LASF135:
 1378 04da 6E756D43 		.ascii	"numChannels\000"
ARM GAS  C:\Users\LOCALA~1\AppData\Local\Temp\ccNQ4YTp.s 			page 29


 1378      68616E6E 
 1378      656C7300 
 1379              	.LASF107:
 1380 04e6 63795F73 		.ascii	"cy_stc_device_t\000"
 1380      74635F64 
 1380      65766963 
 1380      655F7400 
 1381              	.LASF124:
 1382 04f6 6368616E 		.ascii	"chanConfig\000"
 1382      436F6E66 
 1382      696700
 1383              	.LASF134:
 1384 0501 6368616E 		.ascii	"channelBase\000"
 1384      6E656C42 
 1384      61736500 
 1385              	.LASF53:
 1386 050d 65704D6F 		.ascii	"epMonitorNr\000"
 1386      6E69746F 
 1386      724E7200 
 1387              	.LASF100:
 1388 0519 63707573 		.ascii	"cpussCm4NmiCtlOffset\000"
 1388      73436D34 
 1388      4E6D6943 
 1388      746C4F66 
 1388      66736574 
 1389              	.LASF96:
 1390 052e 63707573 		.ascii	"cpussTrimRamCtlOffset\000"
 1390      73547269 
 1390      6D52616D 
 1390      43746C4F 
 1390      66667365 
 1391              	.LASF91:
 1392 0544 63707573 		.ascii	"cpussCm0ClockCtlOffset\000"
 1392      73436D30 
 1392      436C6F63 
 1392      6B43746C 
 1392      4F666673 
 1393              	.LASF31:
 1394 055b 63707573 		.ascii	"cpussVersion\000"
 1394      73566572 
 1394      73696F6E 
 1394      00
 1395              	.LASF38:
 1396 0568 70657269 		.ascii	"periVersion\000"
 1396      56657273 
 1396      696F6E00 
 1397              	.LASF94:
 1398 0574 63707573 		.ascii	"cpussCm0StatusOffset\000"
 1398      73436D30 
 1398      53746174 
 1398      75734F66 
 1398      66736574 
 1399              	.LASF19:
 1400 0589 73697A65 		.ascii	"sizetype\000"
 1400      74797065 
 1400      00
 1401              	.LASF68:
ARM GAS  C:\Users\LOCALA~1\AppData\Local\Temp\ccNQ4YTp.s 			page 30


 1402 0592 64774368 		.ascii	"dwChOffset\000"
 1402      4F666673 
 1402      657400
 1403              	.LASF43:
 1404 059d 63707573 		.ascii	"cpussFlashPaSize\000"
 1404      73466C61 
 1404      73685061 
 1404      53697A65 
 1404      00
 1405              	.LASF120:
 1406 05ae 73616D70 		.ascii	"sampleTime23\000"
 1406      6C655469 
 1406      6D653233 
 1406      00
 1407              	.LASF81:
 1408 05bb 70657269 		.ascii	"periDivCmdPaTypeSelPos\000"
 1408      44697643 
 1408      6D645061 
 1408      54797065 
 1408      53656C50 
 1409              	.LASF104:
 1410 05d2 63707573 		.ascii	"cpussRam2Ctl0\000"
 1410      7352616D 
 1410      3243746C 
 1410      3000
 1411              	.LASF130:
 1412 05e0 636F6E66 		.ascii	"configRouting\000"
 1412      6967526F 
 1412      7574696E 
 1412      6700
 1413              	.LASF72:
 1414 05ee 64775374 		.ascii	"dwStatusChIdxPos\000"
 1414      61747573 
 1414      43684964 
 1414      78506F73 
 1414      00
 1415              	.LASF139:
 1416 05ff 4144435F 		.ascii	"ADC_INVERTING_AMP_CONFIG_STRUCT\000"
 1416      494E5645 
 1416      5254494E 
 1416      475F414D 
 1416      505F434F 
 1417              	.LASF54:
 1418 061f 75646250 		.ascii	"udbPresent\000"
 1418      72657365 
 1418      6E7400
 1419              	.LASF34:
 1420 062a 666C6173 		.ascii	"flashcVersion\000"
 1420      68635665 
 1420      7273696F 
 1420      6E00
 1421              	.LASF30:
 1422 0638 63727970 		.ascii	"cryptoBase\000"
 1422      746F4261 
 1422      736500
 1423              	.LASF51:
 1424 0643 736D6966 		.ascii	"smifDeviceNr\000"
ARM GAS  C:\Users\LOCALA~1\AppData\Local\Temp\ccNQ4YTp.s 			page 31


 1424      44657669 
 1424      63654E72 
 1424      00
 1425              	.LASF127:
 1426 0650 72616E67 		.ascii	"rangeIntrMask\000"
 1426      65496E74 
 1426      724D6173 
 1426      6B00
 1427              	.LASF109:
 1428 065e 666C6F61 		.ascii	"float\000"
 1428      7400
 1429              	.LASF73:
 1430 0664 64775374 		.ascii	"dwStatusChIdxMsk\000"
 1430      61747573 
 1430      43684964 
 1430      784D736B 
 1430      00
 1431              	.LASF141:
 1432 0675 63795F64 		.ascii	"cy_device\000"
 1432      65766963 
 1432      6500
 1433              	.LASF101:
 1434 067f 63707573 		.ascii	"cpussRomCtl\000"
 1434      73526F6D 
 1434      43746C00 
 1435              	.LASF71:
 1436 068b 64774368 		.ascii	"dwChCtlPreemptablePos\000"
 1436      43746C50 
 1436      7265656D 
 1436      70746162 
 1436      6C65506F 
 1437              	.LASF123:
 1438 06a1 6368616E 		.ascii	"chanEn\000"
 1438      456E00
 1439              	.LASF24:
 1440 06a8 75646242 		.ascii	"udbBase\000"
 1440      61736500 
 1441              	.LASF113:
 1442 06b0 43595F53 		.ascii	"CY_SAR_RANGE_COND_INSIDE\000"
 1442      41525F52 
 1442      414E4745 
 1442      5F434F4E 
 1442      445F494E 
 1443              	.LASF132:
 1444 06c9 5F426F6F 		.ascii	"_Bool\000"
 1444      6C00
 1445              	.LASF17:
 1446 06cf 696E7433 		.ascii	"int32_t\000"
 1446      325F7400 
 1447              	.LASF2:
 1448 06d7 756E7369 		.ascii	"unsigned char\000"
 1448      676E6564 
 1448      20636861 
 1448      7200
 1449              	.LASF67:
 1450 06e5 666C6173 		.ascii	"flashCtlMainWs4Freq\000"
 1450      6843746C 
ARM GAS  C:\Users\LOCALA~1\AppData\Local\Temp\ccNQ4YTp.s 			page 32


 1450      4D61696E 
 1450      57733446 
 1450      72657100 
 1451              	.LASF0:
 1452 06f9 73686F72 		.ascii	"short int\000"
 1452      7420696E 
 1452      7400
 1453              	.LASF128:
 1454 0703 6D757853 		.ascii	"muxSwitch\000"
 1454      77697463 
 1454      6800
 1455              	.LASF125:
 1456 070d 696E7472 		.ascii	"intrMask\000"
 1456      4D61736B 
 1456      00
 1457              	.LASF78:
 1458 0716 70657269 		.ascii	"periDivCmdDivSelMsk\000"
 1458      44697643 
 1458      6D644469 
 1458      7653656C 
 1458      4D736B00 
 1459              	.LASF49:
 1460 072a 73727373 		.ascii	"srssNumHfroot\000"
 1460      4E756D48 
 1460      66726F6F 
 1460      7400
 1461              	.LASF62:
 1462 0738 666C6173 		.ascii	"flashEraseDelay\000"
 1462      68457261 
 1462      73654465 
 1462      6C617900 
 1463              	.LASF82:
 1464 0748 70657269 		.ascii	"periDiv8CtlOffset\000"
 1464      44697638 
 1464      43746C4F 
 1464      66667365 
 1464      7400
 1465              	.LASF18:
 1466 075a 75696E74 		.ascii	"uint32_t\000"
 1466      33325F74 
 1466      00
 1467              	.LASF131:
 1468 0763 76726566 		.ascii	"vrefMvValue\000"
 1468      4D765661 
 1468      6C756500 
 1469              	.LASF20:
 1470 076f 6C6F6E67 		.ascii	"long double\000"
 1470      20646F75 
 1470      626C6500 
 1471              	.LASF108:
 1472 077b 63686172 		.ascii	"char\000"
 1472      00
 1473              	.LASF39:
 1474 0780 70726F74 		.ascii	"protVersion\000"
 1474      56657273 
 1474      696F6E00 
 1475              	.LASF102:
ARM GAS  C:\Users\LOCALA~1\AppData\Local\Temp\ccNQ4YTp.s 			page 33


 1476 078c 63707573 		.ascii	"cpussRam0Ctl0\000"
 1476      7352616D 
 1476      3043746C 
 1476      3000
 1477              	.LASF5:
 1478 079a 5F5F7569 		.ascii	"__uint16_t\000"
 1478      6E743136 
 1478      5F7400
 1479              	.LASF83:
 1480 07a5 70657269 		.ascii	"periDiv16CtlOffset\000"
 1480      44697631 
 1480      3643746C 
 1480      4F666673 
 1480      657400
 1481              	.LASF7:
 1482 07b8 5F5F696E 		.ascii	"__int32_t\000"
 1482      7433325F 
 1482      7400
 1483              	.LASF36:
 1484 07c2 6873696F 		.ascii	"hsiomVersion\000"
 1484      6D566572 
 1484      73696F6E 
 1484      00
 1485              	.LASF117:
 1486 07cf 6374726C 		.ascii	"ctrl\000"
 1486      00
 1487              	.LASF64:
 1488 07d4 666C6173 		.ascii	"flashCtlMainWs1Freq\000"
 1488      6843746C 
 1488      4D61696E 
 1488      57733146 
 1488      72657100 
 1489              	.LASF137:
 1490 07e8 6D697363 		.ascii	"miscConfig\000"
 1490      436F6E66 
 1490      696700
 1491              	.LASF69:
 1492 07f3 64774368 		.ascii	"dwChSize\000"
 1492      53697A65 
 1492      00
 1493              	.LASF105:
 1494 07fc 69706353 		.ascii	"ipcStructSize\000"
 1494      74727563 
 1494      7453697A 
 1494      6500
 1495              	.LASF44:
 1496 080a 63707573 		.ascii	"cpussIpc0Irq\000"
 1496      73497063 
 1496      30497271 
 1496      00
 1497              	.LASF87:
 1498 0817 6770696F 		.ascii	"gpioPrtCfgOffset\000"
 1498      50727443 
 1498      66674F66 
 1498      66736574 
 1498      00
 1499              	.LASF122:
ARM GAS  C:\Users\LOCALA~1\AppData\Local\Temp\ccNQ4YTp.s 			page 34


 1500 0828 72616E67 		.ascii	"rangeCond\000"
 1500      65436F6E 
 1500      6400
 1501              	.LASF46:
 1502 0832 63707573 		.ascii	"cpussNotConnectedIrq\000"
 1502      734E6F74 
 1502      436F6E6E 
 1502      65637465 
 1502      64497271 
 1503              	.LASF60:
 1504 0847 666C6173 		.ascii	"flashWriteDelay\000"
 1504      68577269 
 1504      74654465 
 1504      6C617900 
 1505              	.LASF118:
 1506 0857 73616D70 		.ascii	"sampleCtrl\000"
 1506      6C654374 
 1506      726C00
 1507              	.LASF14:
 1508 0862 75696E74 		.ascii	"uint8_t\000"
 1508      385F7400 
 1509              	.LASF93:
 1510 086a 63707573 		.ascii	"cpussCm4StatusOffset\000"
 1510      73436D34 
 1510      53746174 
 1510      75734F66 
 1510      66736574 
 1511              	.LASF86:
 1512 087f 6770696F 		.ascii	"gpioPrtIntrCfgOffset\000"
 1512      50727449 
 1512      6E747243 
 1512      66674F66 
 1512      66736574 
 1513              	.LASF115:
 1514 0894 43595F53 		.ascii	"CY_SAR_RANGE_COND_OUTSIDE\000"
 1514      41525F52 
 1514      414E4745 
 1514      5F434F4E 
 1514      445F4F55 
 1515              	.LASF147:
 1516 08ae 4144435F 		.ascii	"ADC_INVERTING_AMP_hwConfigs\000"
 1516      494E5645 
 1516      5254494E 
 1516      475F414D 
 1516      505F6877 
 1517              	.LASF97:
 1518 08ca 63707573 		.ascii	"cpussTrimRomCtlOffset\000"
 1518      73547269 
 1518      6D526F6D 
 1518      43746C4F 
 1518      66667365 
 1519              	.LASF47:
 1520 08e0 73727373 		.ascii	"srssNumClkpath\000"
 1520      4E756D43 
 1520      6C6B7061 
 1520      746800
 1521              	.LASF129:
ARM GAS  C:\Users\LOCALA~1\AppData\Local\Temp\ccNQ4YTp.s 			page 35


 1522 08ef 6D757853 		.ascii	"muxSwitchSqCtrl\000"
 1522      77697463 
 1522      68537143 
 1522      74726C00 
 1523              	.LASF33:
 1524 08ff 64775665 		.ascii	"dwVersion\000"
 1524      7273696F 
 1524      6E00
 1525              	.LASF29:
 1526 0909 69706342 		.ascii	"ipcBase\000"
 1526      61736500 
 1527              	.LASF143:
 1528 0911 4144435F 		.ascii	"ADC_INVERTING_AMP_allConfigs\000"
 1528      494E5645 
 1528      5254494E 
 1528      475F414D 
 1528      505F616C 
 1529              	.LASF80:
 1530 092e 70657269 		.ascii	"periDivCmdPaDivSelPos\000"
 1530      44697643 
 1530      6D645061 
 1530      44697653 
 1530      656C506F 
 1531              	.LASF61:
 1532 0944 666C6173 		.ascii	"flashProgramDelay\000"
 1532      6850726F 
 1532      6772616D 
 1532      44656C61 
 1532      7900
 1533              	.LASF146:
 1534 0956 443A5C56 		.ascii	"D:\\Vlad\\[2]_PSOC_Porting\\PSOC_Project\\PSOC_PPG."
 1534      6C61645C 
 1534      5B325D5F 
 1534      50534F43 
 1534      5F506F72 
 1535 0985 63796473 		.ascii	"cydsn\000"
 1535      6E00
 1536              	.LASF58:
 1537 098b 666C6173 		.ascii	"flashRwwRequired\000"
 1537      68527777 
 1537      52657175 
 1537      69726564 
 1537      00
 1538              		.ident	"GCC: (GNU Tools for ARM Embedded Processors) 5.4.1 20160609 (release) [ARM/embedded-5-bran
